<?xml version="1.0" encoding="UTF-8" ?>
<testsuite failures="0" time="0.01" errors="0" skipped="0" tests="4" name="org.vle.aid.taverna.test.AIDBuildTreeTableNodeTest">
  <properties>
    <property name="java.runtime.name" value="Java(TM) SE Runtime Environment"/>
    <property name="java.protocol.handler.pkgs" value="org.apache.axis.transport|"/>
    <property name="sun.boot.library.path" value="C:\Sun\SDK\jdk\jre\bin"/>
    <property name="java.vm.version" value="1.6.0-b105"/>
    <property name="java.vm.vendor" value="Sun Microsystems Inc."/>
    <property name="java.vendor.url" value="http://java.sun.com/"/>
    <property name="path.separator" value=";"/>
    <property name="java.vm.name" value="Java HotSpot(TM) Client VM"/>
    <property name="file.encoding.pkg" value="sun.io"/>
    <property name="user.country" value="GB"/>
    <property name="sun.java.launcher" value="SUN_STANDARD"/>
    <property name="sun.os.patch.level" value="Service Pack 2"/>
    <property name="java.vm.specification.name" value="Java Virtual Machine Specification"/>
    <property name="user.dir" value="C:\Users\alanrw\AIDA\git\mygrid\aida-plugin"/>
    <property name="java.runtime.version" value="1.6.0-b105"/>
    <property name="java.awt.graphicsenv" value="sun.awt.Win32GraphicsEnvironment"/>
    <property name="basedir" value="C:\Users\alanrw\AIDA\git\mygrid\aida-plugin"/>
    <property name="java.endorsed.dirs" value="C:\Sun\SDK\jdk\jre\lib\endorsed"/>
    <property name="os.arch" value="x86"/>
    <property name="surefire.real.class.path" value="C:\Users\alanrw\AppData\Local\Temp\surefirebooter64405.jar"/>
    <property name="java.io.tmpdir" value="C:\Users\alanrw\AppData\Local\Temp\"/>
    <property name="line.separator" value="
"/>
    <property name="java.vm.specification.vendor" value="Sun Microsystems Inc."/>
    <property name="user.variant" value=""/>
    <property name="os.name" value="Windows Vista"/>
    <property name="sun.jnu.encoding" value="Cp1252"/>
    <property name="java.library.path" value="C:\Sun\SDK\jdk\jre\bin;.;C:\Windows\Sun\Java\bin;C:\Windows\system32;C:\Windows;C:\Program Files (x86)\NVIDIA Corporation\PhysX\Common;c:\ruby\bin;C:\Windows\system32;C:\Windows;C:\Windows\System32\Wbem;C:\Sun\SDK\jdk\bin;C:\Program Files (x86)\Common Files\Teleca Shared;C:\Windows\System32\WindowsPowerShell\v1.0\;C:\Program Files (x86)\VistaCodecPack\QT\QTSystem\;C:\Program Files (x86)\Git\cmd;C:\RailsInstaller\Git\cmd;C:\RailsInstaller\Ruby1.9.3\bin;C:\Users\alanrw\programs\JSAGA\bin;C:\wxruby\bin;C:\Sun\SDK\jdk\bin;C:\users\alanrw\programs\apache-maven-2.2.1\bin;C:\Program Files (x86)\PHP\ext"/>
    <property name="surefire.test.class.path" value="C:\Users\alanrw\AIDA\git\mygrid\aida-plugin\target\test-classes;C:\Users\alanrw\AIDA\git\mygrid\aida-plugin\target\classes;C:\Users\alanrw\.m2\repository\net\sf\taverna\t2\activities\stringconstant-activity\1.4\stringconstant-activity-1.4.jar;C:\Users\alanrw\.m2\repository\net\sf\taverna\t2\core\workflowmodel-api\1.4\workflowmodel-api-1.4.jar;C:\Users\alanrw\.m2\repository\net\sf\taverna\t2\core\reference-api\1.4\reference-api-1.4.jar;C:\Users\alanrw\.m2\repository\org\springframework\spring-tx\2.5.4\spring-tx-2.5.4.jar;C:\Users\alanrw\.m2\repository\commons-logging\commons-logging\1.1\commons-logging-1.1.jar;C:\Users\alanrw\.m2\repository\org\springframework\spring-beans\2.5.4\spring-beans-2.5.4.jar;C:\Users\alanrw\.m2\repository\org\springframework\spring-core\2.5.4\spring-core-2.5.4.jar;C:\Users\alanrw\.m2\repository\org\springframework\spring-context\2.5.4\spring-context-2.5.4.jar;C:\Users\alanrw\.m2\repository\aopalliance\aopalliance\1.0\aopalliance-1.0.jar;C:\Users\alanrw\.m2\repository\net\sf\taverna\t2\infrastructure\spi-discovery-api\2.4\spi-discovery-api-2.4.jar;C:\Users\alanrw\.m2\repository\net\sf\taverna\t2\lang\observer\1.4\observer-1.4.jar;C:\Users\alanrw\.m2\repository\log4j\log4j\1.2.13\log4j-1.2.13.jar;C:\Users\alanrw\.m2\repository\net\sf\taverna\t2\infrastructure\raven\2.4\raven-2.4.jar;C:\Users\alanrw\.m2\repository\net\sf\taverna\t2\infrastructure\raven-log4j\2.4\raven-log4j-2.4.jar;C:\Users\alanrw\.m2\repository\net\sf\taverna\t2\infrastructure\appconfig\2.4\appconfig-2.4.jar;C:\Users\alanrw\.m2\repository\net\sf\taverna\t2\infrastructure\launcher-api\2.4\launcher-api-2.4.jar;C:\Users\alanrw\.m2\repository\net\sf\taverna\t2\infrastructure\prelauncher\2.4\prelauncher-2.4.jar;C:\Users\alanrw\.m2\repository\org\jdom\jdom\1.1\jdom-1.1.jar;C:\Users\alanrw\.m2\repository\net\sf\taverna\t2\activities\dataflow-activity\1.4\dataflow-activity-1.4.jar;C:\Users\alanrw\.m2\repository\net\sf\taverna\t2\ui-api\workbench-api\1.4\workbench-api-1.4.jar;C:\Users\alanrw\.m2\repository\net\sf\taverna\t2\ui-api\edits-api\1.4\edits-api-1.4.jar;C:\Users\alanrw\.m2\repository\net\sf\taverna\t2\ui-api\menu-api\1.4\menu-api-1.4.jar;C:\Users\alanrw\.m2\repository\net\sf\taverna\t2\ui-api\file-api\1.4\file-api-1.4.jar;C:\Users\alanrw\.m2\repository\net\sf\taverna\t2\lang\ui\1.4\ui-1.4.jar;C:\Users\alanrw\.m2\repository\net\sf\taverna\t2\ui-impl\file-impl\1.4\file-impl-1.4.jar;C:\Users\alanrw\.m2\repository\net\sf\taverna\t2\core\workflowmodel-impl\1.4\workflowmodel-impl-1.4.jar;C:\Users\alanrw\.m2\repository\com\thoughtworks\xstream\xstream\1.4.1\xstream-1.4.1.jar;C:\Users\alanrw\.m2\repository\xmlpull\xmlpull\1.1.3.1\xmlpull-1.1.3.1.jar;C:\Users\alanrw\.m2\repository\xpp3\xpp3_min\1.1.4c\xpp3_min-1.1.4c.jar;C:\Users\alanrw\.m2\repository\net\sf\taverna\t2\ui-api\common-icons\1.4\common-icons-1.4.jar;C:\Users\alanrw\.m2\repository\commons-collections\commons-collections\3.2.1\commons-collections-3.2.1.jar;C:\Users\alanrw\.m2\repository\commons-lang\commons-lang\2.5\commons-lang-2.5.jar;C:\Users\alanrw\.m2\repository\commons-codec\commons-codec\1.4\commons-codec-1.4.jar;C:\Users\alanrw\.m2\repository\net\sf\taverna\t2\ui-api\helper-api\1.4\helper-api-1.4.jar;C:\Users\alanrw\.m2\repository\javax\help\javahelp\2.0.02\javahelp-2.0.02.jar;C:\Users\alanrw\.m2\repository\net\sf\taverna\t2\ui-exts\file-translator\1.4\file-translator-1.4.jar;C:\Users\alanrw\.m2\repository\net\sf\taverna\t2\compatibility\compatibility-impl\1.4\compatibility-impl-1.4.jar;C:\Users\alanrw\.m2\repository\net\sf\taverna\t2\compatibility\compatibility-api\1.4\compatibility-api-1.4.jar;C:\Users\alanrw\.m2\repository\uk\org\mygrid\taverna\scufl\scufl-model\1.7.2.2\scufl-model-1.7.2.2.jar;C:\Users\alanrw\.m2\repository\uk\org\mygrid\taverna\baclava\baclava-core\1.7.2.2\baclava-core-1.7.2.2.jar;C:\Users\alanrw\.m2\repository\uk\org\mygrid\taverna\taverna-core\1.7.2.2\taverna-core-1.7.2.2.jar;C:\Users\alanrw\.m2\repository\jdom\jdom\1.0\jdom-1.0.jar;C:\Users\alanrw\.m2\repository\uk\org\mygrid\taverna\taverna-bootstrap\1.7.2.2\taverna-bootstrap-1.7.2.2.jar;C:\Sun\SDK\jdk\jre\..\lib\tools.jar;C:\Users\alanrw\.m2\repository\commons-io\commons-io\1.3\commons-io-1.3.jar;C:\Users\alanrw\.m2\repository\uk\org\mygrid\resources\freefluo\NO-VERSION\freefluo-NO-VERSION.jar;C:\Users\alanrw\.m2\repository\uk\org\mygrid\taverna\raven\raven\1.9\raven-1.9.jar;C:\Users\alanrw\.m2\repository\uk\org\mygrid\taverna\raven\raven-log4j\1.9\raven-log4j-1.9.jar;C:\Users\alanrw\.m2\repository\uk\org\mygrid\taverna\processors\taverna-stringconstant-processor\1.7.2.2\taverna-stringconstant-processor-1.7.2.2.jar;C:\Users\alanrw\.m2\repository\uk\org\mygrid\taverna\taverna-scavenger\1.7.2.2\taverna-scavenger-1.7.2.2.jar;C:\Users\alanrw\.m2\repository\uk\org\mygrid\taverna\scufl\scufl-ui-api\1.7.2.2\scufl-ui-api-1.7.2.2.jar;C:\Users\alanrw\.m2\repository\uk\org\mygrid\taverna\processors\taverna-java-processor\1.7.2.2\taverna-java-processor-1.7.2.2.jar;C:\Users\alanrw\.m2\repository\javax\mail\mail\1.4\mail-1.4.jar;C:\Users\alanrw\.m2\repository\javax\activation\activation\1.1\activation-1.1.jar;C:\Users\alanrw\.m2\repository\uk\org\mygrid\taverna\processors\all\1.7.2.2\all-1.7.2.2.jar;C:\Users\alanrw\.m2\repository\uk\org\mygrid\taverna\processors\taverna-dependency-processor\1.7.2.2\taverna-dependency-processor-1.7.2.2.jar;C:\Users\alanrw\.m2\repository\uk\org\mygrid\taverna\processors\taverna-beanshell-processor\1.7.2.2\taverna-beanshell-processor-1.7.2.2.jar;C:\Users\alanrw\.m2\repository\uk\org\mygrid\resources\jedit-syntax\2.2.2\jedit-syntax-2.2.2.jar;C:\Users\alanrw\.m2\repository\org\beanshell\bsh\2.0b4\bsh-2.0b4.jar;C:\Users\alanrw\.m2\repository\uk\org\mygrid\taverna\processors\taverna-biomart-processor\1.7.2.2\taverna-biomart-processor-1.7.2.2.jar;C:\Users\alanrw\.m2\repository\org\biomart\martservice\0.6.3\martservice-0.6.3.jar;C:\Users\alanrw\.m2\repository\org\biomart\martj\0.6\martj-0.6.jar;C:\Users\alanrw\.m2\repository\commons-httpclient\commons-httpclient\3.0-rc4\commons-httpclient-3.0-rc4.jar;C:\Users\alanrw\.m2\repository\junit\junit\4.4\junit-4.4.jar;C:\Users\alanrw\.m2\repository\uk\org\mygrid\taverna\processors\taverna-biomoby-processor\1.7.2.2\taverna-biomoby-processor-1.7.2.2.jar;C:\Users\alanrw\.m2\repository\org\biomoby\taverna-biomoby\1.7.2.2\taverna-biomoby-1.7.2.2.jar;C:\Users\alanrw\.m2\repository\uk\org\mygrid\taverna\taverna-enactor\1.7.2.2\taverna-enactor-1.7.2.2.jar;C:\Users\alanrw\.m2\repository\uk\org\mygrid\resources\freefluo-taverna-exts\1.7.2.2\freefluo-taverna-exts-1.7.2.2.jar;C:\Users\alanrw\.m2\repository\commons-discovery\commons-discovery\20040218.194635\commons-discovery-20040218.194635.jar;C:\Users\alanrw\.m2\repository\org\biomoby\jmoby\1.1.3-taverna\jmoby-1.1.3-taverna.jar;C:\Users\alanrw\.m2\repository\axis\axis\1.4\axis-1.4.jar;C:\Users\alanrw\.m2\repository\axis\axis-jaxrpc\1.4\axis-jaxrpc-1.4.jar;C:\Users\alanrw\.m2\repository\axis\axis-saaj\1.4\axis-saaj-1.4.jar;C:\Users\alanrw\.m2\repository\axis\axis-wsdl4j\1.5.1\axis-wsdl4j-1.5.1.jar;C:\Users\alanrw\.m2\repository\axis\axis-ant\1.4\axis-ant-1.4.jar;C:\Users\alanrw\.m2\repository\javax\sql\jdbc-stdext\2.0\jdbc-stdext-2.0.jar;C:\Users\alanrw\.m2\repository\commons-dbcp\commons-dbcp\1.1\commons-dbcp-1.1.jar;C:\Users\alanrw\.m2\repository\commons-pool\commons-pool\1.1\commons-pool-1.1.jar;C:\Users\alanrw\.m2\repository\xml-apis\xml-apis\1.0.b2\xml-apis-1.0.b2.jar;C:\Users\alanrw\.m2\repository\commons-configuration\commons-configuration\1.5\commons-configuration-1.5.jar;C:\Users\alanrw\.m2\repository\commons-digester\commons-digester\1.8\commons-digester-1.8.jar;C:\Users\alanrw\.m2\repository\commons-beanutils\commons-beanutils\1.7.0\commons-beanutils-1.7.0.jar;C:\Users\alanrw\.m2\repository\commons-beanutils\commons-beanutils-core\1.7.0\commons-beanutils-core-1.7.0.jar;C:\Users\alanrw\.m2\repository\castor\castor\0.9.5\castor-0.9.5.jar;C:\Users\alanrw\.m2\repository\edu\mit\lcs\haystack\adenine\2003\adenine-2003.jar;C:\Users\alanrw\.m2\repository\com\hp\hpl\jena\jena\2.5.4\jena-2.5.4.jar;C:\Users\alanrw\.m2\repository\com\hp\hpl\jena\arq\2.1\arq-2.1.jar;C:\Users\alanrw\.m2\repository\org\apache\lucene\lucene-core\2.0.0\lucene-core-2.0.0.jar;C:\Users\alanrw\.m2\repository\com\hp\hpl\jena\arq-extra\2.1\arq-extra-2.1.jar;C:\Users\alanrw\.m2\repository\com\hp\hpl\jena\jenatest\2.5.4\jenatest-2.5.4.jar;C:\Users\alanrw\.m2\repository\com\hp\hpl\jena\iri\0.5\iri-0.5.jar;C:\Users\alanrw\.m2\repository\com\ibm\icu\icu4j\3.8\icu4j-3.8.jar;C:\Users\alanrw\.m2\repository\antlr\antlr\2.7.5\antlr-2.7.5.jar;C:\Users\alanrw\.m2\repository\commons-logging\commons-logging-api\1.1\commons-logging-api-1.1.jar;C:\Users\alanrw\.m2\repository\com\hp\hpl\jena\concurrent-jena\1.3.2\concurrent-jena-1.3.2.jar;C:\Users\alanrw\.m2\repository\com\hp\hpl\jena\json-jena\1.0\json-jena-1.0.jar;C:\Users\alanrw\.m2\repository\stax\stax-api\1.0\stax-api-1.0.jar;C:\Users\alanrw\.m2\repository\org\codehaus\woodstox\wstx-asl\3.0.0\wstx-asl-3.0.0.jar;C:\Users\alanrw\.m2\repository\xerces\xmlParserAPIs\2.2.1\xmlParserAPIs-2.2.1.jar;C:\Users\alanrw\.m2\repository\xerces\xercesImpl\2.7.1\xercesImpl-2.7.1.jar;C:\Users\alanrw\.m2\repository\com\ibm\lsid\lsid-server\1.1.2\lsid-server-1.1.2.jar;C:\Users\alanrw\.m2\repository\com\ibm\lsid\lsid-client\1.1.2\lsid-client-1.1.2.jar;C:\Users\alanrw\.m2\repository\org\xbill\dnsjava\2003\dnsjava-2003.jar;C:\Users\alanrw\.m2\repository\com\sun\xml\ws\jaxws-tools\2.1.3\jaxws-tools-2.1.3.jar;C:\Users\alanrw\.m2\repository\javax\xml\bind\jaxb-api\2.1\jaxb-api-2.1.jar;C:\Users\alanrw\.m2\repository\javax\xml\stream\stax-api\1.0-2\stax-api-1.0-2.jar;C:\Users\alanrw\.m2\repository\javax\xml\jaxb-impl\2.0EA3\jaxb-impl-2.0EA3.jar;C:\Users\alanrw\.m2\repository\javax\xml\jaxb-xjc\2.0EA3\jaxb-xjc-2.0EA3.jar;C:\Users\alanrw\.m2\repository\jaxen\jaxen\1.0-FCS\jaxen-1.0-FCS.jar;C:\Users\alanrw\.m2\repository\dom4j\dom4j\1.6\dom4j-1.6.jar;C:\Users\alanrw\.m2\repository\xalan\xalan\2.6.0\xalan-2.6.0.jar;C:\Users\alanrw\.m2\repository\javax\xml\jaxrpc-api\1.1\jaxrpc-api-1.1.jar;C:\Users\alanrw\.m2\repository\javax\xml\soap\saaj-api\1.3\saaj-api-1.3.jar;C:\Users\alanrw\.m2\repository\com\toedter\jcalendar\2004\jcalendar-2004.jar;C:\Users\alanrw\.m2\repository\com\artofsolving\jodconverter\2.2.1\jodconverter-2.2.1.jar;C:\Users\alanrw\.m2\repository\org\slf4j\slf4j-api\1.4.3\slf4j-api-1.4.3.jar;C:\Users\alanrw\.m2\repository\org\openoffice\juh\2.3.1\juh-2.3.1.jar;C:\Users\alanrw\.m2\repository\org\openoffice\jurt\2.3.1\jurt-2.3.1.jar;C:\Users\alanrw\.m2\repository\org\openoffice\ridl\2.3.0\ridl-2.3.0.jar;C:\Users\alanrw\.m2\repository\org\openoffice\unoil\2.3.0\unoil-2.3.0.jar;C:\Users\alanrw\.m2\repository\com\sun\net\httpserver\http\20070405\http-20070405.jar;C:\Users\alanrw\.m2\repository\org\cgiar\icis\icis-pedigree\2006\icis-pedigree-2006.jar;C:\Users\alanrw\.m2\repository\javax\xml\jsr173\1.0\jsr173-1.0.jar;C:\Users\alanrw\.m2\repository\javax\jws\jsr181-api\1.0-MR1\jsr181-api-1.0-MR1.jar;C:\Users\alanrw\.m2\repository\javax\annotation\jsr250-api\1.0\jsr250-api-1.0.jar;C:\Users\alanrw\.m2\repository\mysql\mysql-connector-java\5.0.5\mysql-connector-java-5.0.5.jar;C:\Users\alanrw\.m2\repository\org\tulsoft\alltools\2.1.1-taverna\alltools-2.1.1-taverna.jar;C:\Users\alanrw\.m2\repository\javax\servlet\servlet-api\2.3\servlet-api-2.3.jar;C:\Users\alanrw\.m2\repository\org\apache\ant\ant\1.7.0\ant-1.7.0.jar;C:\Users\alanrw\.m2\repository\org\apache\ant\ant-launcher\1.7.0\ant-launcher-1.7.0.jar;C:\Users\alanrw\.m2\repository\org\apache\ant\ant-nodeps\1.7.0\ant-nodeps-1.7.0.jar;C:\Users\alanrw\.m2\repository\ant-contrib\ant-contrib\1.0b2\ant-contrib-1.0b2.jar;C:\Users\alanrw\.m2\repository\org\biomoby\jmoby-dashboard\1.1.3-taverna\jmoby-dashboard-1.1.3-taverna.jar;C:\Users\alanrw\.m2\repository\javax\xml\ws\jaxws-api\2.1\jaxws-api-2.1.jar;C:\Users\alanrw\.m2\repository\com\sun\org\apache\jaxp-ri\1.4\jaxp-ri-1.4.jar;C:\Users\alanrw\.m2\repository\javax\xml\parsers\jaxp-api\1.4\jaxp-api-1.4.jar;C:\Users\alanrw\.m2\repository\uk\org\mygrid\taverna\processors\taverna-inferno-processor\1.7.2.2\taverna-inferno-processor-1.7.2.2.jar;C:\Users\alanrw\.m2\repository\uk\org\mygrid\resources\tl-netty2\1.7.3\tl-netty2-1.7.3.jar;C:\Users\alanrw\.m2\repository\uk\org\mygrid\resources\jstyx\0.03\jstyx-0.03.jar;C:\Users\alanrw\.m2\repository\uk\org\mygrid\taverna\processors\taverna-apiconsumer-processor\1.7.2.2\taverna-apiconsumer-processor-1.7.2.2.jar;C:\Users\alanrw\.m2\repository\uk\org\mygrid\taverna\processors\taverna-localworkers\1.7.2.2\taverna-localworkers-1.7.2.2.jar;C:\Users\alanrw\.m2\repository\uk\org\mygrid\taverna\processors\taverna-notification-processor\1.7.2.2\taverna-notification-processor-1.7.2.2.jar;C:\Users\alanrw\.m2\repository\uk\org\mygrid\resources\notification-processor\1.5.1\notification-processor-1.5.1.jar;C:\Users\alanrw\.m2\repository\uk\org\mygrid\resources\axis\1.4-taverna\axis-1.4-taverna.jar;C:\Users\alanrw\.m2\repository\wsdl4j\wsdl4j\1.5.1\wsdl4j-1.5.1.jar;C:\Users\alanrw\.m2\repository\uk\org\mygrid\taverna\processors\taverna-rdfgenerator-processor\1.7.2.2\taverna-rdfgenerator-processor-1.7.2.2.jar;C:\Users\alanrw\.m2\repository\uk\org\mygrid\taverna\processors\taverna-rserv-processor\1.7.2.2\taverna-rserv-processor-1.7.2.2.jar;C:\Users\alanrw\.m2\repository\uk\org\mygrid\resources\JRclient\RE817\JRclient-RE817.jar;C:\Users\alanrw\.m2\repository\uk\org\mygrid\taverna\processors\taverna-soaplab-processor\1.7.2.2\taverna-soaplab-processor-1.7.2.2.jar;C:\Users\alanrw\.m2\repository\uk\org\mygrid\taverna\processors\taverna-talisman-processor\1.7.2.2\taverna-talisman-processor-1.7.2.2.jar;C:\Users\alanrw\.m2\repository\uk\org\mygrid\resources\talisman\1.4.5.11\talisman-1.4.5.11.jar;C:\Users\alanrw\.m2\repository\uk\org\mygrid\taverna\processors\taverna-wsdl-processor\1.7.2.2\taverna-wsdl-processor-1.7.2.2.jar;C:\Users\alanrw\.m2\repository\uk\org\mygrid\resources\wsif\svn-1.12.05-patched-axis-1.4\wsif-svn-1.12.05-patched-axis-1.4.jar;C:\Users\alanrw\.m2\repository\net\sf\taverna\wsdl-generic\1.5\wsdl-generic-1.5.jar;C:\Users\alanrw\.m2\repository\uk\org\mygrid\taverna\taverna-contrib\1.7.2.2\taverna-contrib-1.7.2.2.jar;C:\Users\alanrw\.m2\repository\uk\org\mygrid\taverna\taverna-workbench\1.7.2.2\taverna-workbench-1.7.2.2.jar;C:\Users\alanrw\.m2\repository\uk\org\mygrid\taverna\zaria\1.9\zaria-1.9.jar;C:\Users\alanrw\.m2\repository\uk\org\mygrid\taverna\taverna-scavenger-ui\1.7.2.2\taverna-scavenger-ui-1.7.2.2.jar;C:\Users\alanrw\.m2\repository\uk\org\mygrid\taverna\scufl\scufl-workflow\1.7.2.2\scufl-workflow-1.7.2.2.jar;C:\Users\alanrw\.m2\repository\uk\org\mygrid\taverna\scufl\scufl-ui-components\workflow-input-panel\1.7.2.2\workflow-input-panel-1.7.2.2.jar;C:\Users\alanrw\.m2\repository\uk\org\mygrid\taverna\baclava\baclava-ui\1.7.2.2\baclava-ui-1.7.2.2.jar;C:\Users\alanrw\.m2\repository\uk\org\mygrid\taverna\scufl\scufl-ui-components\enactor-invocation\1.7.2.2\enactor-invocation-1.7.2.2.jar;C:\Users\alanrw\.m2\repository\uk\org\mygrid\taverna\scufl\scufl-ui\1.7.2.2\scufl-ui-1.7.2.2.jar;C:\Users\alanrw\.m2\repository\uk\org\mygrid\taverna\baclava\baclava-store-implementation\1.7.2.2\baclava-store-implementation-1.7.2.2.jar;C:\Users\alanrw\.m2\repository\uk\org\mygrid\taverna\scufl\scufl-ui-components\semantic-markup-editor\1.7.2.2\semantic-markup-editor-1.7.2.2.jar;C:\Users\alanrw\.m2\repository\uk\org\mygrid\resources\jgraph\NO-VERSION\jgraph-NO-VERSION.jar;C:\Users\alanrw\.m2\repository\poi\poi-2.0-final\20040126\poi-2.0-final-20040126.jar;C:\Users\alanrw\.m2\repository\uk\org\mygrid\resources\seqvista-hacked\NO-VERSION\seqvista-hacked-NO-VERSION.jar;C:\Users\alanrw\.m2\repository\uk\org\mygrid\resources\Jmol\NO-VERSION\Jmol-NO-VERSION.jar;C:\Users\alanrw\.m2\repository\uk\org\mygrid\taverna\scufl\scufl-ui-components\scufl-interactive-diagram\1.7.2.2\scufl-interactive-diagram-1.7.2.2.jar;C:\Users\alanrw\.m2\repository\uk\org\mygrid\taverna\scufl\scufl-ui-components\svg-diagram\1.7.2.2\svg-diagram-1.7.2.2.jar;C:\Users\alanrw\.m2\repository\batik\batik-svg-dom\1.6-1\batik-svg-dom-1.6-1.jar;C:\Users\alanrw\.m2\repository\batik\batik-dom\1.6-1\batik-dom-1.6-1.jar;C:\Users\alanrw\.m2\repository\batik\batik-css\1.6-1\batik-css-1.6-1.jar;C:\Users\alanrw\.m2\repository\batik\batik-util\1.6-1\batik-util-1.6-1.jar;C:\Users\alanrw\.m2\repository\batik\batik-gui-util\1.6-1\batik-gui-util-1.6-1.jar;C:\Users\alanrw\.m2\repository\batik\batik-ext\1.6-1\batik-ext-1.6-1.jar;C:\Users\alanrw\.m2\repository\xml-apis\xmlParserAPIs\2.0.2\xmlParserAPIs-2.0.2.jar;C:\Users\alanrw\.m2\repository\batik\batik-xml\1.6-1\batik-xml-1.6-1.jar;C:\Users\alanrw\.m2\repository\batik\batik-parser\1.6-1\batik-parser-1.6-1.jar;C:\Users\alanrw\.m2\repository\batik\batik-awt-util\1.6-1\batik-awt-util-1.6-1.jar;C:\Users\alanrw\.m2\repository\batik\batik-swing\1.6-1\batik-swing-1.6-1.jar;C:\Users\alanrw\.m2\repository\batik\batik-bridge\1.6-1\batik-bridge-1.6-1.jar;C:\Users\alanrw\.m2\repository\batik\batik-gvt\1.6-1\batik-gvt-1.6-1.jar;C:\Users\alanrw\.m2\repository\batik\batik-script\1.6-1\batik-script-1.6-1.jar;C:\Users\alanrw\.m2\repository\uk\org\mygrid\taverna\taverna-update-manager\1.7.2.2\taverna-update-manager-1.7.2.2.jar;C:\Users\alanrw\.m2\repository\uk\org\mygrid\taverna\perspectives\perspective-core\1.7.2.2\perspective-core-1.7.2.2.jar;C:\Users\alanrw\.m2\repository\uk\org\mygrid\taverna\osxapplication\1.5.1\osxapplication-1.5.1.jar;C:\Users\alanrw\.m2\repository\uk\org\mygrid\taverna\scufl\scufl-ui-components\scufl-model-explorer\1.7.2.2\scufl-model-explorer-1.7.2.2.jar;C:\Users\alanrw\.m2\repository\uk\org\mygrid\taverna\scufl\scufl-ui-components\template-editor\1.7.2.2\template-editor-1.7.2.2.jar;C:\Users\alanrw\.m2\repository\bsh\bsh\2.0b1\bsh-2.0b1.jar;C:\Users\alanrw\.m2\repository\saxpath\saxpath\1.0-FCS\saxpath-1.0-FCS.jar;C:\Users\alanrw\.m2\repository\bsf\bsf\2.3.0\bsf-2.3.0.jar;C:\Users\alanrw\.m2\repository\rhino\js\1.6R1\js-1.6R1.jar;C:\Users\alanrw\.m2\repository\jython\jython\2.1\jython-2.1.jar;C:\Users\alanrw\.m2\repository\jacl\jacl\1.2.6\jacl-1.2.6.jar;C:\Users\alanrw\.m2\repository\groovy\groovy-all\1.0-beta-9\groovy-all-1.0-beta-9.jar;C:\Users\alanrw\.m2\repository\velocity\velocity\1.3\velocity-1.3.jar;C:\Users\alanrw\.m2\repository\commons-vfs\commons-vfs\20041214060500\commons-vfs-20041214060500.jar;C:\Users\alanrw\.m2\repository\commons-net\commons-net\1.1.0\commons-net-1.1.0.jar;C:\Users\alanrw\.m2\repository\oro\oro\2.0.7\oro-2.0.7.jar;C:\Users\alanrw\.m2\repository\uk\org\mygrid\resources\biojava\1.4pre1\biojava-1.4pre1.jar;C:\Users\alanrw\.m2\repository\uk\org\mygrid\resources\jdnc\NO-VERSION\jdnc-NO-VERSION.jar;C:\Users\alanrw\.m2\repository\uk\org\mygrid\resources\rowset\NO-VERSION\rowset-NO-VERSION.jar;C:\Users\alanrw\.m2\repository\uk\org\mygrid\resources\tidy\NO-VERSION\tidy-NO-VERSION.jar;C:\Users\alanrw\.m2\repository\uk\org\mygrid\resources\saxon\8\saxon-8.jar;C:\Users\alanrw\.m2\repository\uk\org\mygrid\resources\saxon-jdom\8\saxon-jdom-8.jar;C:\Users\alanrw\.m2\repository\uk\org\mygrid\resources\saxon-sql\8\saxon-sql-8.jar;C:\Users\alanrw\.m2\repository\uk\org\mygrid\resources\saxon-xom\8\saxon-xom-8.jar;C:\Users\alanrw\.m2\repository\uk\org\mygrid\resources\jcalendar\2.0.5\jcalendar-2.0.5.jar;C:\Users\alanrw\.m2\repository\uk\org\mygrid\resources\alltools2\NO-VERSION\alltools2-NO-VERSION.jar;C:\Users\alanrw\.m2\repository\logkit\logkit\1.0.1\logkit-1.0.1.jar;C:\Users\alanrw\.m2\repository\avalon-framework\avalon-framework\4.1.3\avalon-framework-4.1.3.jar;C:\Users\alanrw\.m2\repository\org\lobobrowser\cobra\0.98.4\cobra-0.98.4.jar;C:\Users\alanrw\.m2\repository\org\swinglabs\swingx\0.9.2\swingx-0.9.2.jar;C:\Users\alanrw\.m2\repository\com\jhlabs\filters\2.0.235\filters-2.0.235.jar;C:\Users\alanrw\.m2\repository\org\swinglabs\swing-worker\1.1\swing-worker-1.1.jar;C:\Users\alanrw\.m2\repository\org\swinglabs\swing-layout\1.0.3\swing-layout-1.0.3.jar;"/>
    <property name="java.specification.name" value="Java Platform API Specification"/>
    <property name="java.class.version" value="50.0"/>
    <property name="sun.management.compiler" value="HotSpot Client Compiler"/>
    <property name="os.version" value="6.0"/>
    <property name="user.home" value="C:\Users\alanrw"/>
    <property name="user.timezone" value="Europe/London"/>
    <property name="java.awt.printerjob" value="sun.awt.windows.WPrinterJob"/>
    <property name="java.specification.version" value="1.6"/>
    <property name="file.encoding" value="Cp1252"/>
    <property name="user.name" value="alanrw"/>
    <property name="java.class.path" value="C:\Users\alanrw\AIDA\git\mygrid\aida-plugin\target\test-classes;C:\Users\alanrw\AIDA\git\mygrid\aida-plugin\target\classes;C:\Users\alanrw\.m2\repository\net\sf\taverna\t2\activities\stringconstant-activity\1.4\stringconstant-activity-1.4.jar;C:\Users\alanrw\.m2\repository\net\sf\taverna\t2\core\workflowmodel-api\1.4\workflowmodel-api-1.4.jar;C:\Users\alanrw\.m2\repository\net\sf\taverna\t2\core\reference-api\1.4\reference-api-1.4.jar;C:\Users\alanrw\.m2\repository\org\springframework\spring-tx\2.5.4\spring-tx-2.5.4.jar;C:\Users\alanrw\.m2\repository\commons-logging\commons-logging\1.1\commons-logging-1.1.jar;C:\Users\alanrw\.m2\repository\org\springframework\spring-beans\2.5.4\spring-beans-2.5.4.jar;C:\Users\alanrw\.m2\repository\org\springframework\spring-core\2.5.4\spring-core-2.5.4.jar;C:\Users\alanrw\.m2\repository\org\springframework\spring-context\2.5.4\spring-context-2.5.4.jar;C:\Users\alanrw\.m2\repository\aopalliance\aopalliance\1.0\aopalliance-1.0.jar;C:\Users\alanrw\.m2\repository\net\sf\taverna\t2\infrastructure\spi-discovery-api\2.4\spi-discovery-api-2.4.jar;C:\Users\alanrw\.m2\repository\net\sf\taverna\t2\lang\observer\1.4\observer-1.4.jar;C:\Users\alanrw\.m2\repository\log4j\log4j\1.2.13\log4j-1.2.13.jar;C:\Users\alanrw\.m2\repository\net\sf\taverna\t2\infrastructure\raven\2.4\raven-2.4.jar;C:\Users\alanrw\.m2\repository\net\sf\taverna\t2\infrastructure\raven-log4j\2.4\raven-log4j-2.4.jar;C:\Users\alanrw\.m2\repository\net\sf\taverna\t2\infrastructure\appconfig\2.4\appconfig-2.4.jar;C:\Users\alanrw\.m2\repository\net\sf\taverna\t2\infrastructure\launcher-api\2.4\launcher-api-2.4.jar;C:\Users\alanrw\.m2\repository\net\sf\taverna\t2\infrastructure\prelauncher\2.4\prelauncher-2.4.jar;C:\Users\alanrw\.m2\repository\org\jdom\jdom\1.1\jdom-1.1.jar;C:\Users\alanrw\.m2\repository\net\sf\taverna\t2\activities\dataflow-activity\1.4\dataflow-activity-1.4.jar;C:\Users\alanrw\.m2\repository\net\sf\taverna\t2\ui-api\workbench-api\1.4\workbench-api-1.4.jar;C:\Users\alanrw\.m2\repository\net\sf\taverna\t2\ui-api\edits-api\1.4\edits-api-1.4.jar;C:\Users\alanrw\.m2\repository\net\sf\taverna\t2\ui-api\menu-api\1.4\menu-api-1.4.jar;C:\Users\alanrw\.m2\repository\net\sf\taverna\t2\ui-api\file-api\1.4\file-api-1.4.jar;C:\Users\alanrw\.m2\repository\net\sf\taverna\t2\lang\ui\1.4\ui-1.4.jar;C:\Users\alanrw\.m2\repository\net\sf\taverna\t2\ui-impl\file-impl\1.4\file-impl-1.4.jar;C:\Users\alanrw\.m2\repository\net\sf\taverna\t2\core\workflowmodel-impl\1.4\workflowmodel-impl-1.4.jar;C:\Users\alanrw\.m2\repository\com\thoughtworks\xstream\xstream\1.4.1\xstream-1.4.1.jar;C:\Users\alanrw\.m2\repository\xmlpull\xmlpull\1.1.3.1\xmlpull-1.1.3.1.jar;C:\Users\alanrw\.m2\repository\xpp3\xpp3_min\1.1.4c\xpp3_min-1.1.4c.jar;C:\Users\alanrw\.m2\repository\net\sf\taverna\t2\ui-api\common-icons\1.4\common-icons-1.4.jar;C:\Users\alanrw\.m2\repository\commons-collections\commons-collections\3.2.1\commons-collections-3.2.1.jar;C:\Users\alanrw\.m2\repository\commons-lang\commons-lang\2.5\commons-lang-2.5.jar;C:\Users\alanrw\.m2\repository\commons-codec\commons-codec\1.4\commons-codec-1.4.jar;C:\Users\alanrw\.m2\repository\net\sf\taverna\t2\ui-api\helper-api\1.4\helper-api-1.4.jar;C:\Users\alanrw\.m2\repository\javax\help\javahelp\2.0.02\javahelp-2.0.02.jar;C:\Users\alanrw\.m2\repository\net\sf\taverna\t2\ui-exts\file-translator\1.4\file-translator-1.4.jar;C:\Users\alanrw\.m2\repository\net\sf\taverna\t2\compatibility\compatibility-impl\1.4\compatibility-impl-1.4.jar;C:\Users\alanrw\.m2\repository\net\sf\taverna\t2\compatibility\compatibility-api\1.4\compatibility-api-1.4.jar;C:\Users\alanrw\.m2\repository\uk\org\mygrid\taverna\scufl\scufl-model\1.7.2.2\scufl-model-1.7.2.2.jar;C:\Users\alanrw\.m2\repository\uk\org\mygrid\taverna\baclava\baclava-core\1.7.2.2\baclava-core-1.7.2.2.jar;C:\Users\alanrw\.m2\repository\uk\org\mygrid\taverna\taverna-core\1.7.2.2\taverna-core-1.7.2.2.jar;C:\Users\alanrw\.m2\repository\jdom\jdom\1.0\jdom-1.0.jar;C:\Users\alanrw\.m2\repository\uk\org\mygrid\taverna\taverna-bootstrap\1.7.2.2\taverna-bootstrap-1.7.2.2.jar;C:\Sun\SDK\jdk\jre\..\lib\tools.jar;C:\Users\alanrw\.m2\repository\commons-io\commons-io\1.3\commons-io-1.3.jar;C:\Users\alanrw\.m2\repository\uk\org\mygrid\resources\freefluo\NO-VERSION\freefluo-NO-VERSION.jar;C:\Users\alanrw\.m2\repository\uk\org\mygrid\taverna\raven\raven\1.9\raven-1.9.jar;C:\Users\alanrw\.m2\repository\uk\org\mygrid\taverna\raven\raven-log4j\1.9\raven-log4j-1.9.jar;C:\Users\alanrw\.m2\repository\uk\org\mygrid\taverna\processors\taverna-stringconstant-processor\1.7.2.2\taverna-stringconstant-processor-1.7.2.2.jar;C:\Users\alanrw\.m2\repository\uk\org\mygrid\taverna\taverna-scavenger\1.7.2.2\taverna-scavenger-1.7.2.2.jar;C:\Users\alanrw\.m2\repository\uk\org\mygrid\taverna\scufl\scufl-ui-api\1.7.2.2\scufl-ui-api-1.7.2.2.jar;C:\Users\alanrw\.m2\repository\uk\org\mygrid\taverna\processors\taverna-java-processor\1.7.2.2\taverna-java-processor-1.7.2.2.jar;C:\Users\alanrw\.m2\repository\javax\mail\mail\1.4\mail-1.4.jar;C:\Users\alanrw\.m2\repository\javax\activation\activation\1.1\activation-1.1.jar;C:\Users\alanrw\.m2\repository\uk\org\mygrid\taverna\processors\all\1.7.2.2\all-1.7.2.2.jar;C:\Users\alanrw\.m2\repository\uk\org\mygrid\taverna\processors\taverna-dependency-processor\1.7.2.2\taverna-dependency-processor-1.7.2.2.jar;C:\Users\alanrw\.m2\repository\uk\org\mygrid\taverna\processors\taverna-beanshell-processor\1.7.2.2\taverna-beanshell-processor-1.7.2.2.jar;C:\Users\alanrw\.m2\repository\uk\org\mygrid\resources\jedit-syntax\2.2.2\jedit-syntax-2.2.2.jar;C:\Users\alanrw\.m2\repository\org\beanshell\bsh\2.0b4\bsh-2.0b4.jar;C:\Users\alanrw\.m2\repository\uk\org\mygrid\taverna\processors\taverna-biomart-processor\1.7.2.2\taverna-biomart-processor-1.7.2.2.jar;C:\Users\alanrw\.m2\repository\org\biomart\martservice\0.6.3\martservice-0.6.3.jar;C:\Users\alanrw\.m2\repository\org\biomart\martj\0.6\martj-0.6.jar;C:\Users\alanrw\.m2\repository\commons-httpclient\commons-httpclient\3.0-rc4\commons-httpclient-3.0-rc4.jar;C:\Users\alanrw\.m2\repository\junit\junit\4.4\junit-4.4.jar;C:\Users\alanrw\.m2\repository\uk\org\mygrid\taverna\processors\taverna-biomoby-processor\1.7.2.2\taverna-biomoby-processor-1.7.2.2.jar;C:\Users\alanrw\.m2\repository\org\biomoby\taverna-biomoby\1.7.2.2\taverna-biomoby-1.7.2.2.jar;C:\Users\alanrw\.m2\repository\uk\org\mygrid\taverna\taverna-enactor\1.7.2.2\taverna-enactor-1.7.2.2.jar;C:\Users\alanrw\.m2\repository\uk\org\mygrid\resources\freefluo-taverna-exts\1.7.2.2\freefluo-taverna-exts-1.7.2.2.jar;C:\Users\alanrw\.m2\repository\commons-discovery\commons-discovery\20040218.194635\commons-discovery-20040218.194635.jar;C:\Users\alanrw\.m2\repository\org\biomoby\jmoby\1.1.3-taverna\jmoby-1.1.3-taverna.jar;C:\Users\alanrw\.m2\repository\axis\axis\1.4\axis-1.4.jar;C:\Users\alanrw\.m2\repository\axis\axis-jaxrpc\1.4\axis-jaxrpc-1.4.jar;C:\Users\alanrw\.m2\repository\axis\axis-saaj\1.4\axis-saaj-1.4.jar;C:\Users\alanrw\.m2\repository\axis\axis-wsdl4j\1.5.1\axis-wsdl4j-1.5.1.jar;C:\Users\alanrw\.m2\repository\axis\axis-ant\1.4\axis-ant-1.4.jar;C:\Users\alanrw\.m2\repository\javax\sql\jdbc-stdext\2.0\jdbc-stdext-2.0.jar;C:\Users\alanrw\.m2\repository\commons-dbcp\commons-dbcp\1.1\commons-dbcp-1.1.jar;C:\Users\alanrw\.m2\repository\commons-pool\commons-pool\1.1\commons-pool-1.1.jar;C:\Users\alanrw\.m2\repository\xml-apis\xml-apis\1.0.b2\xml-apis-1.0.b2.jar;C:\Users\alanrw\.m2\repository\commons-configuration\commons-configuration\1.5\commons-configuration-1.5.jar;C:\Users\alanrw\.m2\repository\commons-digester\commons-digester\1.8\commons-digester-1.8.jar;C:\Users\alanrw\.m2\repository\commons-beanutils\commons-beanutils\1.7.0\commons-beanutils-1.7.0.jar;C:\Users\alanrw\.m2\repository\commons-beanutils\commons-beanutils-core\1.7.0\commons-beanutils-core-1.7.0.jar;C:\Users\alanrw\.m2\repository\castor\castor\0.9.5\castor-0.9.5.jar;C:\Users\alanrw\.m2\repository\edu\mit\lcs\haystack\adenine\2003\adenine-2003.jar;C:\Users\alanrw\.m2\repository\com\hp\hpl\jena\jena\2.5.4\jena-2.5.4.jar;C:\Users\alanrw\.m2\repository\com\hp\hpl\jena\arq\2.1\arq-2.1.jar;C:\Users\alanrw\.m2\repository\org\apache\lucene\lucene-core\2.0.0\lucene-core-2.0.0.jar;C:\Users\alanrw\.m2\repository\com\hp\hpl\jena\arq-extra\2.1\arq-extra-2.1.jar;C:\Users\alanrw\.m2\repository\com\hp\hpl\jena\jenatest\2.5.4\jenatest-2.5.4.jar;C:\Users\alanrw\.m2\repository\com\hp\hpl\jena\iri\0.5\iri-0.5.jar;C:\Users\alanrw\.m2\repository\com\ibm\icu\icu4j\3.8\icu4j-3.8.jar;C:\Users\alanrw\.m2\repository\antlr\antlr\2.7.5\antlr-2.7.5.jar;C:\Users\alanrw\.m2\repository\commons-logging\commons-logging-api\1.1\commons-logging-api-1.1.jar;C:\Users\alanrw\.m2\repository\com\hp\hpl\jena\concurrent-jena\1.3.2\concurrent-jena-1.3.2.jar;C:\Users\alanrw\.m2\repository\com\hp\hpl\jena\json-jena\1.0\json-jena-1.0.jar;C:\Users\alanrw\.m2\repository\stax\stax-api\1.0\stax-api-1.0.jar;C:\Users\alanrw\.m2\repository\org\codehaus\woodstox\wstx-asl\3.0.0\wstx-asl-3.0.0.jar;C:\Users\alanrw\.m2\repository\xerces\xmlParserAPIs\2.2.1\xmlParserAPIs-2.2.1.jar;C:\Users\alanrw\.m2\repository\xerces\xercesImpl\2.7.1\xercesImpl-2.7.1.jar;C:\Users\alanrw\.m2\repository\com\ibm\lsid\lsid-server\1.1.2\lsid-server-1.1.2.jar;C:\Users\alanrw\.m2\repository\com\ibm\lsid\lsid-client\1.1.2\lsid-client-1.1.2.jar;C:\Users\alanrw\.m2\repository\org\xbill\dnsjava\2003\dnsjava-2003.jar;C:\Users\alanrw\.m2\repository\com\sun\xml\ws\jaxws-tools\2.1.3\jaxws-tools-2.1.3.jar;C:\Users\alanrw\.m2\repository\javax\xml\bind\jaxb-api\2.1\jaxb-api-2.1.jar;C:\Users\alanrw\.m2\repository\javax\xml\stream\stax-api\1.0-2\stax-api-1.0-2.jar;C:\Users\alanrw\.m2\repository\javax\xml\jaxb-impl\2.0EA3\jaxb-impl-2.0EA3.jar;C:\Users\alanrw\.m2\repository\javax\xml\jaxb-xjc\2.0EA3\jaxb-xjc-2.0EA3.jar;C:\Users\alanrw\.m2\repository\jaxen\jaxen\1.0-FCS\jaxen-1.0-FCS.jar;C:\Users\alanrw\.m2\repository\dom4j\dom4j\1.6\dom4j-1.6.jar;C:\Users\alanrw\.m2\repository\xalan\xalan\2.6.0\xalan-2.6.0.jar;C:\Users\alanrw\.m2\repository\javax\xml\jaxrpc-api\1.1\jaxrpc-api-1.1.jar;C:\Users\alanrw\.m2\repository\javax\xml\soap\saaj-api\1.3\saaj-api-1.3.jar;C:\Users\alanrw\.m2\repository\com\toedter\jcalendar\2004\jcalendar-2004.jar;C:\Users\alanrw\.m2\repository\com\artofsolving\jodconverter\2.2.1\jodconverter-2.2.1.jar;C:\Users\alanrw\.m2\repository\org\slf4j\slf4j-api\1.4.3\slf4j-api-1.4.3.jar;C:\Users\alanrw\.m2\repository\org\openoffice\juh\2.3.1\juh-2.3.1.jar;C:\Users\alanrw\.m2\repository\org\openoffice\jurt\2.3.1\jurt-2.3.1.jar;C:\Users\alanrw\.m2\repository\org\openoffice\ridl\2.3.0\ridl-2.3.0.jar;C:\Users\alanrw\.m2\repository\org\openoffice\unoil\2.3.0\unoil-2.3.0.jar;C:\Users\alanrw\.m2\repository\com\sun\net\httpserver\http\20070405\http-20070405.jar;C:\Users\alanrw\.m2\repository\org\cgiar\icis\icis-pedigree\2006\icis-pedigree-2006.jar;C:\Users\alanrw\.m2\repository\javax\xml\jsr173\1.0\jsr173-1.0.jar;C:\Users\alanrw\.m2\repository\javax\jws\jsr181-api\1.0-MR1\jsr181-api-1.0-MR1.jar;C:\Users\alanrw\.m2\repository\javax\annotation\jsr250-api\1.0\jsr250-api-1.0.jar;C:\Users\alanrw\.m2\repository\mysql\mysql-connector-java\5.0.5\mysql-connector-java-5.0.5.jar;C:\Users\alanrw\.m2\repository\org\tulsoft\alltools\2.1.1-taverna\alltools-2.1.1-taverna.jar;C:\Users\alanrw\.m2\repository\javax\servlet\servlet-api\2.3\servlet-api-2.3.jar;C:\Users\alanrw\.m2\repository\org\apache\ant\ant\1.7.0\ant-1.7.0.jar;C:\Users\alanrw\.m2\repository\org\apache\ant\ant-launcher\1.7.0\ant-launcher-1.7.0.jar;C:\Users\alanrw\.m2\repository\org\apache\ant\ant-nodeps\1.7.0\ant-nodeps-1.7.0.jar;C:\Users\alanrw\.m2\repository\ant-contrib\ant-contrib\1.0b2\ant-contrib-1.0b2.jar;C:\Users\alanrw\.m2\repository\org\biomoby\jmoby-dashboard\1.1.3-taverna\jmoby-dashboard-1.1.3-taverna.jar;C:\Users\alanrw\.m2\repository\javax\xml\ws\jaxws-api\2.1\jaxws-api-2.1.jar;C:\Users\alanrw\.m2\repository\com\sun\org\apache\jaxp-ri\1.4\jaxp-ri-1.4.jar;C:\Users\alanrw\.m2\repository\javax\xml\parsers\jaxp-api\1.4\jaxp-api-1.4.jar;C:\Users\alanrw\.m2\repository\uk\org\mygrid\taverna\processors\taverna-inferno-processor\1.7.2.2\taverna-inferno-processor-1.7.2.2.jar;C:\Users\alanrw\.m2\repository\uk\org\mygrid\resources\tl-netty2\1.7.3\tl-netty2-1.7.3.jar;C:\Users\alanrw\.m2\repository\uk\org\mygrid\resources\jstyx\0.03\jstyx-0.03.jar;C:\Users\alanrw\.m2\repository\uk\org\mygrid\taverna\processors\taverna-apiconsumer-processor\1.7.2.2\taverna-apiconsumer-processor-1.7.2.2.jar;C:\Users\alanrw\.m2\repository\uk\org\mygrid\taverna\processors\taverna-localworkers\1.7.2.2\taverna-localworkers-1.7.2.2.jar;C:\Users\alanrw\.m2\repository\uk\org\mygrid\taverna\processors\taverna-notification-processor\1.7.2.2\taverna-notification-processor-1.7.2.2.jar;C:\Users\alanrw\.m2\repository\uk\org\mygrid\resources\notification-processor\1.5.1\notification-processor-1.5.1.jar;C:\Users\alanrw\.m2\repository\uk\org\mygrid\resources\axis\1.4-taverna\axis-1.4-taverna.jar;C:\Users\alanrw\.m2\repository\wsdl4j\wsdl4j\1.5.1\wsdl4j-1.5.1.jar;C:\Users\alanrw\.m2\repository\uk\org\mygrid\taverna\processors\taverna-rdfgenerator-processor\1.7.2.2\taverna-rdfgenerator-processor-1.7.2.2.jar;C:\Users\alanrw\.m2\repository\uk\org\mygrid\taverna\processors\taverna-rserv-processor\1.7.2.2\taverna-rserv-processor-1.7.2.2.jar;C:\Users\alanrw\.m2\repository\uk\org\mygrid\resources\JRclient\RE817\JRclient-RE817.jar;C:\Users\alanrw\.m2\repository\uk\org\mygrid\taverna\processors\taverna-soaplab-processor\1.7.2.2\taverna-soaplab-processor-1.7.2.2.jar;C:\Users\alanrw\.m2\repository\uk\org\mygrid\taverna\processors\taverna-talisman-processor\1.7.2.2\taverna-talisman-processor-1.7.2.2.jar;C:\Users\alanrw\.m2\repository\uk\org\mygrid\resources\talisman\1.4.5.11\talisman-1.4.5.11.jar;C:\Users\alanrw\.m2\repository\uk\org\mygrid\taverna\processors\taverna-wsdl-processor\1.7.2.2\taverna-wsdl-processor-1.7.2.2.jar;C:\Users\alanrw\.m2\repository\uk\org\mygrid\resources\wsif\svn-1.12.05-patched-axis-1.4\wsif-svn-1.12.05-patched-axis-1.4.jar;C:\Users\alanrw\.m2\repository\net\sf\taverna\wsdl-generic\1.5\wsdl-generic-1.5.jar;C:\Users\alanrw\.m2\repository\uk\org\mygrid\taverna\taverna-contrib\1.7.2.2\taverna-contrib-1.7.2.2.jar;C:\Users\alanrw\.m2\repository\uk\org\mygrid\taverna\taverna-workbench\1.7.2.2\taverna-workbench-1.7.2.2.jar;C:\Users\alanrw\.m2\repository\uk\org\mygrid\taverna\zaria\1.9\zaria-1.9.jar;C:\Users\alanrw\.m2\repository\uk\org\mygrid\taverna\taverna-scavenger-ui\1.7.2.2\taverna-scavenger-ui-1.7.2.2.jar;C:\Users\alanrw\.m2\repository\uk\org\mygrid\taverna\scufl\scufl-workflow\1.7.2.2\scufl-workflow-1.7.2.2.jar;C:\Users\alanrw\.m2\repository\uk\org\mygrid\taverna\scufl\scufl-ui-components\workflow-input-panel\1.7.2.2\workflow-input-panel-1.7.2.2.jar;C:\Users\alanrw\.m2\repository\uk\org\mygrid\taverna\baclava\baclava-ui\1.7.2.2\baclava-ui-1.7.2.2.jar;C:\Users\alanrw\.m2\repository\uk\org\mygrid\taverna\scufl\scufl-ui-components\enactor-invocation\1.7.2.2\enactor-invocation-1.7.2.2.jar;C:\Users\alanrw\.m2\repository\uk\org\mygrid\taverna\scufl\scufl-ui\1.7.2.2\scufl-ui-1.7.2.2.jar;C:\Users\alanrw\.m2\repository\uk\org\mygrid\taverna\baclava\baclava-store-implementation\1.7.2.2\baclava-store-implementation-1.7.2.2.jar;C:\Users\alanrw\.m2\repository\uk\org\mygrid\taverna\scufl\scufl-ui-components\semantic-markup-editor\1.7.2.2\semantic-markup-editor-1.7.2.2.jar;C:\Users\alanrw\.m2\repository\uk\org\mygrid\resources\jgraph\NO-VERSION\jgraph-NO-VERSION.jar;C:\Users\alanrw\.m2\repository\poi\poi-2.0-final\20040126\poi-2.0-final-20040126.jar;C:\Users\alanrw\.m2\repository\uk\org\mygrid\resources\seqvista-hacked\NO-VERSION\seqvista-hacked-NO-VERSION.jar;C:\Users\alanrw\.m2\repository\uk\org\mygrid\resources\Jmol\NO-VERSION\Jmol-NO-VERSION.jar;C:\Users\alanrw\.m2\repository\uk\org\mygrid\taverna\scufl\scufl-ui-components\scufl-interactive-diagram\1.7.2.2\scufl-interactive-diagram-1.7.2.2.jar;C:\Users\alanrw\.m2\repository\uk\org\mygrid\taverna\scufl\scufl-ui-components\svg-diagram\1.7.2.2\svg-diagram-1.7.2.2.jar;C:\Users\alanrw\.m2\repository\batik\batik-svg-dom\1.6-1\batik-svg-dom-1.6-1.jar;C:\Users\alanrw\.m2\repository\batik\batik-dom\1.6-1\batik-dom-1.6-1.jar;C:\Users\alanrw\.m2\repository\batik\batik-css\1.6-1\batik-css-1.6-1.jar;C:\Users\alanrw\.m2\repository\batik\batik-util\1.6-1\batik-util-1.6-1.jar;C:\Users\alanrw\.m2\repository\batik\batik-gui-util\1.6-1\batik-gui-util-1.6-1.jar;C:\Users\alanrw\.m2\repository\batik\batik-ext\1.6-1\batik-ext-1.6-1.jar;C:\Users\alanrw\.m2\repository\xml-apis\xmlParserAPIs\2.0.2\xmlParserAPIs-2.0.2.jar;C:\Users\alanrw\.m2\repository\batik\batik-xml\1.6-1\batik-xml-1.6-1.jar;C:\Users\alanrw\.m2\repository\batik\batik-parser\1.6-1\batik-parser-1.6-1.jar;C:\Users\alanrw\.m2\repository\batik\batik-awt-util\1.6-1\batik-awt-util-1.6-1.jar;C:\Users\alanrw\.m2\repository\batik\batik-swing\1.6-1\batik-swing-1.6-1.jar;C:\Users\alanrw\.m2\repository\batik\batik-bridge\1.6-1\batik-bridge-1.6-1.jar;C:\Users\alanrw\.m2\repository\batik\batik-gvt\1.6-1\batik-gvt-1.6-1.jar;C:\Users\alanrw\.m2\repository\batik\batik-script\1.6-1\batik-script-1.6-1.jar;C:\Users\alanrw\.m2\repository\uk\org\mygrid\taverna\taverna-update-manager\1.7.2.2\taverna-update-manager-1.7.2.2.jar;C:\Users\alanrw\.m2\repository\uk\org\mygrid\taverna\perspectives\perspective-core\1.7.2.2\perspective-core-1.7.2.2.jar;C:\Users\alanrw\.m2\repository\uk\org\mygrid\taverna\osxapplication\1.5.1\osxapplication-1.5.1.jar;C:\Users\alanrw\.m2\repository\uk\org\mygrid\taverna\scufl\scufl-ui-components\scufl-model-explorer\1.7.2.2\scufl-model-explorer-1.7.2.2.jar;C:\Users\alanrw\.m2\repository\uk\org\mygrid\taverna\scufl\scufl-ui-components\template-editor\1.7.2.2\template-editor-1.7.2.2.jar;C:\Users\alanrw\.m2\repository\bsh\bsh\2.0b1\bsh-2.0b1.jar;C:\Users\alanrw\.m2\repository\saxpath\saxpath\1.0-FCS\saxpath-1.0-FCS.jar;C:\Users\alanrw\.m2\repository\bsf\bsf\2.3.0\bsf-2.3.0.jar;C:\Users\alanrw\.m2\repository\rhino\js\1.6R1\js-1.6R1.jar;C:\Users\alanrw\.m2\repository\jython\jython\2.1\jython-2.1.jar;C:\Users\alanrw\.m2\repository\jacl\jacl\1.2.6\jacl-1.2.6.jar;C:\Users\alanrw\.m2\repository\groovy\groovy-all\1.0-beta-9\groovy-all-1.0-beta-9.jar;C:\Users\alanrw\.m2\repository\velocity\velocity\1.3\velocity-1.3.jar;C:\Users\alanrw\.m2\repository\commons-vfs\commons-vfs\20041214060500\commons-vfs-20041214060500.jar;C:\Users\alanrw\.m2\repository\commons-net\commons-net\1.1.0\commons-net-1.1.0.jar;C:\Users\alanrw\.m2\repository\oro\oro\2.0.7\oro-2.0.7.jar;C:\Users\alanrw\.m2\repository\uk\org\mygrid\resources\biojava\1.4pre1\biojava-1.4pre1.jar;C:\Users\alanrw\.m2\repository\uk\org\mygrid\resources\jdnc\NO-VERSION\jdnc-NO-VERSION.jar;C:\Users\alanrw\.m2\repository\uk\org\mygrid\resources\rowset\NO-VERSION\rowset-NO-VERSION.jar;C:\Users\alanrw\.m2\repository\uk\org\mygrid\resources\tidy\NO-VERSION\tidy-NO-VERSION.jar;C:\Users\alanrw\.m2\repository\uk\org\mygrid\resources\saxon\8\saxon-8.jar;C:\Users\alanrw\.m2\repository\uk\org\mygrid\resources\saxon-jdom\8\saxon-jdom-8.jar;C:\Users\alanrw\.m2\repository\uk\org\mygrid\resources\saxon-sql\8\saxon-sql-8.jar;C:\Users\alanrw\.m2\repository\uk\org\mygrid\resources\saxon-xom\8\saxon-xom-8.jar;C:\Users\alanrw\.m2\repository\uk\org\mygrid\resources\jcalendar\2.0.5\jcalendar-2.0.5.jar;C:\Users\alanrw\.m2\repository\uk\org\mygrid\resources\alltools2\NO-VERSION\alltools2-NO-VERSION.jar;C:\Users\alanrw\.m2\repository\logkit\logkit\1.0.1\logkit-1.0.1.jar;C:\Users\alanrw\.m2\repository\avalon-framework\avalon-framework\4.1.3\avalon-framework-4.1.3.jar;C:\Users\alanrw\.m2\repository\org\lobobrowser\cobra\0.98.4\cobra-0.98.4.jar;C:\Users\alanrw\.m2\repository\org\swinglabs\swingx\0.9.2\swingx-0.9.2.jar;C:\Users\alanrw\.m2\repository\com\jhlabs\filters\2.0.235\filters-2.0.235.jar;C:\Users\alanrw\.m2\repository\org\swinglabs\swing-worker\1.1\swing-worker-1.1.jar;C:\Users\alanrw\.m2\repository\org\swinglabs\swing-layout\1.0.3\swing-layout-1.0.3.jar;"/>
    <property name="java.vm.specification.version" value="1.0"/>
    <property name="sun.arch.data.model" value="32"/>
    <property name="java.home" value="C:\Sun\SDK\jdk\jre"/>
    <property name="java.specification.vendor" value="Sun Microsystems Inc."/>
    <property name="user.language" value="en"/>
    <property name="awt.toolkit" value="sun.awt.windows.WToolkit"/>
    <property name="java.vm.info" value="mixed mode"/>
    <property name="java.version" value="1.6.0"/>
    <property name="java.ext.dirs" value="C:\Sun\SDK\jdk\jre\lib\ext;C:\Windows\Sun\Java\lib\ext"/>
    <property name="sun.boot.class.path" value="C:\Sun\SDK\jdk\jre\lib\resources.jar;C:\Sun\SDK\jdk\jre\lib\rt.jar;C:\Sun\SDK\jdk\jre\lib\sunrsasign.jar;C:\Sun\SDK\jdk\jre\lib\jsse.jar;C:\Sun\SDK\jdk\jre\lib\jce.jar;C:\Sun\SDK\jdk\jre\lib\charsets.jar;C:\Sun\SDK\jdk\jre\classes"/>
    <property name="java.vendor" value="Sun Microsystems Inc."/>
    <property name="java.awt.headless" value="true"/>
    <property name="localRepository" value="C:\Users\alanrw\.m2\repository"/>
    <property name="file.separator" value="\"/>
    <property name="java.vendor.url.bug" value="http://java.sun.com/cgi-bin/bugreport.cgi"/>
    <property name="sun.cpu.endian" value="little"/>
    <property name="sun.io.unicode.encoding" value="UnicodeLittle"/>
    <property name="sun.desktop" value="windows"/>
    <property name="sun.cpu.isalist" value=""/>
  </properties>
  <testcase time="0.001" classname="org.vle.aid.taverna.test.AIDBuildTreeTableNodeTest" name="testEquals"/>
  <testcase time="0.001" classname="org.vle.aid.taverna.test.AIDBuildTreeTableNodeTest" name="testAddChild"/>
  <testcase time="0" classname="org.vle.aid.taverna.test.AIDBuildTreeTableNodeTest" name="testRemoveChildStrings"/>
  <testcase time="0" classname="org.vle.aid.taverna.test.AIDBuildTreeTableNodeTest" name="testRemoveChildObject"/>
</testsuite>