<?xml version="1.0" encoding="UTF-8" ?>
<testsuite errors="0" skipped="0" tests="1" time="0" failures="0" name="org.vle.aid.taverna.test.AIDPerspectiveTest">
  <properties>
    <property value="Java(TM) 2 Runtime Environment, Standard Edition" name="java.runtime.name"/>
    <property value="org.apache.axis.transport|" name="java.protocol.handler.pkgs"/>
    <property value="C:\Program Files\Java\jdk1.5.0_14\jre\bin" name="sun.boot.library.path"/>
    <property value="1.5.0_14-b03" name="java.vm.version"/>
    <property value="Sun Microsystems Inc." name="java.vm.vendor"/>
    <property value="http://java.sun.com/" name="java.vendor.url"/>
    <property value=";" name="path.separator"/>
    <property value="Java HotSpot(TM) Client VM" name="java.vm.name"/>
    <property value="sun.io" name="file.encoding.pkg"/>
    <property value="NL" name="user.country"/>
    <property value="SUN_STANDARD" name="sun.java.launcher"/>
    <property value="Service Pack 3" name="sun.os.patch.level"/>
    <property value="Java Virtual Machine Specification" name="java.vm.specification.name"/>
    <property value="D:\workspace\aida-plugin" name="user.dir"/>
    <property value="1.5.0_14-b03" name="java.runtime.version"/>
    <property value="sun.awt.Win32GraphicsEnvironment" name="java.awt.graphicsenv"/>
    <property value="D:\workspace\aida-plugin" name="basedir"/>
    <property value="C:\Program Files\Java\jdk1.5.0_14\jre\lib\endorsed" name="java.endorsed.dirs"/>
    <property value="x86" name="os.arch"/>
    <property value="D:\workspace\aida-plugin\target\surefire\surefirebooter19480.jar" name="surefire.real.class.path"/>
    <property value="c:\WINNT\profiles\kkrommyd\LOCALS~1\Temp\" name="java.io.tmpdir"/>
    <property value="
" name="line.separator"/>
    <property value="Sun Microsystems Inc." name="java.vm.specification.vendor"/>
    <property value="" name="user.variant"/>
    <property value="Windows XP" name="os.name"/>
    <property value="Cp1252" name="sun.jnu.encoding"/>
    <property value="C:\Program Files\Java\jdk1.5.0_14\jre\bin;.;C:\WINNT\system32;C:\WINNT;D:\Program Files\MikTex\miktex\bin;C:\Program Files\Windows Resource Kits\Tools\;C:\WINNT\system32;C:\WINNT;C:\WINNT\System32\Wbem;d:\Program Files\Bitvise Tunnelier;D:\Program Files\doxygen\bin;D:\Program Files\GraphViz\bin;C:\Program Files\QuickTime Alternative\QTSystem\;D:\Program Files\Subversion Client;C:\Program Files\Java\jdk1.5.0_14\bin;D:\Program Files\Apache Software Foundation\apache-maven-3.0.3\bin" name="java.library.path"/>
    <property value="D:\workspace\aida-plugin\target\test-classes;D:\workspace\aida-plugin\target\classes;D:\repository\net\sf\taverna\t2\activities\stringconstant-activity\0.6-SNAPSHOT\stringconstant-activity-0.6-SNAPSHOT.jar;D:\repository\net\sf\taverna\t2\core\workflowmodel-api\0.6-SNAPSHOT\workflowmodel-api-0.6-SNAPSHOT.jar;D:\repository\net\sf\taverna\t2\core\reference-api\0.6-SNAPSHOT\reference-api-0.6-SNAPSHOT.jar;D:\repository\org\springframework\spring-tx\2.5.4\spring-tx-2.5.4.jar;D:\repository\org\springframework\spring-beans\2.5.4\spring-beans-2.5.4.jar;D:\repository\org\springframework\spring-context\2.5.4\spring-context-2.5.4.jar;D:\repository\aopalliance\aopalliance\1.0\aopalliance-1.0.jar;D:\repository\org\springframework\spring-core\2.5.4\spring-core-2.5.4.jar;D:\repository\net\sf\taverna\t2\activities\dataflow-activity\0.6-SNAPSHOT\dataflow-activity-0.6-SNAPSHOT.jar;D:\repository\net\sf\taverna\t2\ui-api\workbench-api\0.4-SNAPSHOT\workbench-api-0.4-SNAPSHOT.jar;D:\repository\jdom\jdom\1.0\jdom-1.0.jar;D:\repository\net\sf\taverna\t2\infrastructure\spi-discovery-api\1.10-SNAPSHOT\spi-discovery-api-1.10-SNAPSHOT.jar;D:\repository\net\sf\taverna\t2\infrastructure\raven\1.10-SNAPSHOT\raven-1.10-SNAPSHOT.jar;D:\repository\net\sf\taverna\t2\infrastructure\raven-log4j\1.10-SNAPSHOT\raven-log4j-1.10-SNAPSHOT.jar;D:\repository\net\sf\taverna\t2\infrastructure\launcher-api\1.10-SNAPSHOT\launcher-api-1.10-SNAPSHOT.jar;D:\repository\net\sf\taverna\t2\ui-api\edits-api\0.4-SNAPSHOT\edits-api-0.4-SNAPSHOT.jar;D:\repository\net\sf\taverna\t2\ui-api\menu-api\0.4-SNAPSHOT\menu-api-0.4-SNAPSHOT.jar;D:\repository\net\sf\taverna\t2\ui-api\file-api\0.4-SNAPSHOT\file-api-0.4-SNAPSHOT.jar;D:\repository\net\sf\taverna\t2\ui-impl\file-impl\0.4-SNAPSHOT\file-impl-0.4-SNAPSHOT.jar;D:\repository\net\sf\taverna\t2\ui-api\common-icons\0.4-SNAPSHOT\common-icons-0.4-SNAPSHOT.jar;D:\repository\commons-collections\commons-collections\3.2\commons-collections-3.2.jar;D:\repository\commons-lang\commons-lang\2.4\commons-lang-2.4.jar;D:\repository\commons-codec\commons-codec\1.3\commons-codec-1.3.jar;D:\repository\net\sf\taverna\t2\ui-impl\helper\0.4-SNAPSHOT\helper-0.4-SNAPSHOT.jar;D:\repository\javax\help\javahelp\2.0.02\javahelp-2.0.02.jar;D:\repository\net\sf\taverna\t2\ui-exts\file-translator\0.4-SNAPSHOT\file-translator-0.4-SNAPSHOT.jar;D:\repository\net\sf\taverna\t2\compatibility\compatibility-impl\0.6-SNAPSHOT\compatibility-impl-0.6-SNAPSHOT.jar;D:\repository\net\sf\taverna\t2\compatibility\compatibility-api\0.6-SNAPSHOT\compatibility-api-0.6-SNAPSHOT.jar;D:\repository\uk\org\mygrid\taverna\scufl\scufl-model\1.7.2.0\scufl-model-1.7.2.0.jar;D:\repository\uk\org\mygrid\taverna\baclava\baclava-core\1.7.2.0\baclava-core-1.7.2.0.jar;D:\repository\uk\org\mygrid\taverna\taverna-core\1.7.2.0\taverna-core-1.7.2.0.jar;D:\repository\uk\org\mygrid\resources\freefluo\NO-VERSION\freefluo-NO-VERSION.jar;D:\repository\uk\org\mygrid\taverna\processors\taverna-stringconstant-processor\1.7.2.0\taverna-stringconstant-processor-1.7.2.0.jar;D:\repository\uk\org\mygrid\taverna\taverna-scavenger\1.7.2.0\taverna-scavenger-1.7.2.0.jar;D:\repository\uk\org\mygrid\taverna\processors\taverna-java-processor\1.7.2.0\taverna-java-processor-1.7.2.0.jar;D:\repository\javax\mail\mail\1.4\mail-1.4.jar;D:\repository\javax\activation\activation\1.1\activation-1.1.jar;D:\repository\net\sf\taverna\t2\infrastructure\appconfig\1.10-SNAPSHOT\appconfig-1.10-SNAPSHOT.jar;D:\repository\net\sf\taverna\t2\infrastructure\prelauncher\1.10-SNAPSHOT\prelauncher-1.10-SNAPSHOT.jar;D:\repository\uk\org\mygrid\taverna\processors\all\1.7.2.0\all-1.7.2.0.jar;D:\repository\uk\org\mygrid\taverna\processors\taverna-dependency-processor\1.7.2.0\taverna-dependency-processor-1.7.2.0.jar;D:\repository\uk\org\mygrid\taverna\processors\taverna-beanshell-processor\1.7.2.0\taverna-beanshell-processor-1.7.2.0.jar;D:\repository\org\beanshell\bsh\2.0b4\bsh-2.0b4.jar;D:\repository\uk\org\mygrid\taverna\processors\taverna-biomart-processor\1.7.2.0\taverna-biomart-processor-1.7.2.0.jar;D:\repository\org\biomart\martservice\0.6.3\martservice-0.6.3.jar;D:\repository\org\biomart\martj\0.6\martj-0.6.jar;D:\repository\uk\org\mygrid\taverna\processors\taverna-biomoby-processor\1.7.2.0\taverna-biomoby-processor-1.7.2.0.jar;D:\repository\org\biomoby\taverna-biomoby\1.7.2.0\taverna-biomoby-1.7.2.0.jar;D:\repository\org\biomoby\jmoby\1.1.1-taverna\jmoby-1.1.1-taverna.jar;D:\repository\axis\axis-ant\1.4\axis-ant-1.4.jar;D:\repository\javax\sql\jdbc-stdext\2.0\jdbc-stdext-2.0.jar;D:\repository\commons-dbcp\commons-dbcp\1.1\commons-dbcp-1.1.jar;D:\repository\commons-pool\commons-pool\1.1\commons-pool-1.1.jar;D:\repository\commons-configuration\commons-configuration\1.5\commons-configuration-1.5.jar;D:\repository\commons-digester\commons-digester\1.8\commons-digester-1.8.jar;D:\repository\commons-beanutils\commons-beanutils\1.7.0\commons-beanutils-1.7.0.jar;D:\repository\commons-beanutils\commons-beanutils-core\1.7.0\commons-beanutils-core-1.7.0.jar;D:\repository\castor\castor\0.9.5\castor-0.9.5.jar;D:\repository\edu\mit\lcs\haystack\adenine\2003\adenine-2003.jar;D:\repository\com\hp\hpl\jena\jena\2.5.4\jena-2.5.4.jar;D:\repository\com\hp\hpl\jena\arq\2.1\arq-2.1.jar;D:\repository\org\apache\lucene\lucene-core\2.0.0\lucene-core-2.0.0.jar;D:\repository\com\hp\hpl\jena\arq-extra\2.1\arq-extra-2.1.jar;D:\repository\com\hp\hpl\jena\jenatest\2.5.4\jenatest-2.5.4.jar;D:\repository\com\hp\hpl\jena\iri\0.5\iri-0.5.jar;D:\repository\antlr\antlr\2.7.5\antlr-2.7.5.jar;D:\repository\commons-logging\commons-logging-api\1.1\commons-logging-api-1.1.jar;D:\repository\com\hp\hpl\jena\concurrent-jena\1.3.2\concurrent-jena-1.3.2.jar;D:\repository\com\hp\hpl\jena\json-jena\1.0\json-jena-1.0.jar;D:\repository\stax\stax-api\1.0\stax-api-1.0.jar;D:\repository\org\codehaus\woodstox\wstx-asl\3.0.0\wstx-asl-3.0.0.jar;D:\repository\xerces\xercesImpl\2.7.1\xercesImpl-2.7.1.jar;D:\repository\com\ibm\lsid\lsid-server\1.1.2\lsid-server-1.1.2.jar;D:\repository\com\ibm\lsid\lsid-client\1.1.2\lsid-client-1.1.2.jar;D:\repository\org\xbill\dnsjava\2003\dnsjava-2003.jar;D:\repository\com\sun\xml\ws\jaxws-tools\2.1.3\jaxws-tools-2.1.3.jar;D:\repository\com\sun\xml\ws\jaxws-rt\2.1.3\jaxws-rt-2.1.3.jar;D:\repository\com\sun\xml\bind\jaxb-impl\2.1.6\jaxb-impl-2.1.6.jar;D:\repository\com\sun\xml\messaging\saaj\saaj-impl\1.3\saaj-impl-1.3.jar;D:\repository\javax\xml\soap\saaj-api\1.3\saaj-api-1.3.jar;D:\repository\com\sun\xml\stream\buffer\streambuffer\0.7\streambuffer-0.7.jar;D:\repository\com\sun\xml\stream\sjsxp\1.0\sjsxp-1.0.jar;D:\repository\org\jvnet\staxex\stax-ex\1.2\stax-ex-1.2.jar;D:\repository\com\sun\org\apache\xml\internal\resolver\20050927\resolver-20050927.jar;D:\repository\org\jvnet\mimepull\1.1\mimepull-1.1.jar;D:\repository\com\sun\xml\bind\jaxb-xjc\2.1.6\jaxb-xjc-2.1.6.jar;D:\repository\javax\xml\bind\jaxb-api\2.1\jaxb-api-2.1.jar;D:\repository\javax\xml\stream\stax-api\1.0-2\stax-api-1.0-2.jar;D:\repository\javax\xml\jaxb-impl\2.0EA3\jaxb-impl-2.0EA3.jar;D:\repository\javax\xml\jaxb-xjc\2.0EA3\jaxb-xjc-2.0EA3.jar;D:\repository\javax\xml\jaxrpc-api\1.1\jaxrpc-api-1.1.jar;D:\repository\com\toedter\jcalendar\2004\jcalendar-2004.jar;D:\repository\com\artofsolving\jodconverter\2.2.1\jodconverter-2.2.1.jar;D:\repository\org\slf4j\slf4j-api\1.4.3\slf4j-api-1.4.3.jar;D:\repository\org\openoffice\ridl\2.3.0\ridl-2.3.0.jar;D:\repository\org\openoffice\unoil\2.3.0\unoil-2.3.0.jar;D:\repository\com\sun\net\httpserver\http\20070405\http-20070405.jar;D:\repository\com\ibm\icu\icu4j\3.8\icu4j-3.8.jar;D:\repository\org\cgiar\icis\icis-pedigree\2006\icis-pedigree-2006.jar;D:\repository\javax\xml\jsr173\1.0\jsr173-1.0.jar;D:\repository\javax\jws\jsr181-api\1.0-MR1\jsr181-api-1.0-MR1.jar;D:\repository\javax\annotation\jsr250-api\1.0\jsr250-api-1.0.jar;D:\repository\org\openoffice\juh\2.3.1\juh-2.3.1.jar;D:\repository\org\openoffice\jurt\2.3.1\jurt-2.3.1.jar;D:\repository\org\tulsoft\alltools\2.1.1-taverna\alltools-2.1.1-taverna.jar;D:\repository\org\apache\ant\ant\1.7.0\ant-1.7.0.jar;D:\repository\org\apache\ant\ant-launcher\1.7.0\ant-launcher-1.7.0.jar;D:\repository\org\apache\ant\ant-nodeps\1.7.0\ant-nodeps-1.7.0.jar;D:\repository\ant-contrib\ant-contrib\1.0b2\ant-contrib-1.0b2.jar;C:\Program Files\Java\jdk1.5.0_14\jre\..\lib\tools.jar;D:\repository\org\biomoby\jmoby-dashboard\1.1.0-taverna-1\jmoby-dashboard-1.1.0-taverna-1.jar;D:\repository\xalan\xalan\2.6.0\xalan-2.6.0.jar;D:\repository\javax\xml\ws\jaxws-api\2.1\jaxws-api-2.1.jar;D:\repository\com\sun\org\apache\jaxp-ri\1.4\jaxp-ri-1.4.jar;D:\repository\javax\xml\parsers\jaxp-api\1.4\jaxp-api-1.4.jar;D:\repository\xerces\xmlParserAPIs\2.2.1\xmlParserAPIs-2.2.1.jar;D:\repository\uk\org\mygrid\taverna\processors\taverna-inferno-processor\1.7.2.0\taverna-inferno-processor-1.7.2.0.jar;D:\repository\uk\org\mygrid\resources\tl-netty2\1.7.3\tl-netty2-1.7.3.jar;D:\repository\uk\org\mygrid\resources\jstyx\0.03\jstyx-0.03.jar;D:\repository\uk\org\mygrid\taverna\processors\taverna-apiconsumer-processor\1.7.2.0\taverna-apiconsumer-processor-1.7.2.0.jar;D:\repository\uk\org\mygrid\taverna\processors\taverna-localworkers\1.7.2.0\taverna-localworkers-1.7.2.0.jar;D:\repository\uk\org\mygrid\taverna\processors\taverna-notification-processor\1.7.2.0\taverna-notification-processor-1.7.2.0.jar;D:\repository\uk\org\mygrid\resources\notification-processor\1.5.1\notification-processor-1.5.1.jar;D:\repository\uk\org\mygrid\taverna\processors\taverna-rdfgenerator-processor\1.7.2.0\taverna-rdfgenerator-processor-1.7.2.0.jar;D:\repository\uk\org\mygrid\taverna\processors\taverna-rserv-processor\1.7.2.0\taverna-rserv-processor-1.7.2.0.jar;D:\repository\uk\org\mygrid\taverna\processors\taverna-soaplab-processor\1.7.2.0\taverna-soaplab-processor-1.7.2.0.jar;D:\repository\uk\org\mygrid\resources\axis\1.4-taverna\axis-1.4-taverna.jar;D:\repository\wsdl4j\wsdl4j\1.5.1\wsdl4j-1.5.1.jar;D:\repository\uk\org\mygrid\taverna\processors\taverna-talisman-processor\1.7.2.0\taverna-talisman-processor-1.7.2.0.jar;D:\repository\uk\org\mygrid\resources\talisman\1.4.5.11\talisman-1.4.5.11.jar;D:\repository\uk\org\mygrid\taverna\processors\taverna-wsdl-processor\1.7.2.0\taverna-wsdl-processor-1.7.2.0.jar;D:\repository\uk\org\mygrid\resources\wsif\svn-1.12.05-patched-axis-1.4\wsif-svn-1.12.05-patched-axis-1.4.jar;D:\repository\net\sf\taverna\wsdl-generic\1.3\wsdl-generic-1.3.jar;D:\repository\uk\org\mygrid\taverna\taverna-contrib\1.7.2.0\taverna-contrib-1.7.2.0.jar;D:\repository\uk\org\mygrid\taverna\taverna-enactor\1.7.2.0\taverna-enactor-1.7.2.0.jar;D:\repository\uk\org\mygrid\resources\freefluo-taverna-exts\1.7.2\freefluo-taverna-exts-1.7.2.jar;D:\repository\uk\org\mygrid\taverna\taverna-workbench\1.7.2.0\taverna-workbench-1.7.2.0.jar;D:\repository\uk\org\mygrid\taverna\zaria\1.9\zaria-1.9.jar;D:\repository\uk\org\mygrid\taverna\taverna-bootstrap\1.7.2.0\taverna-bootstrap-1.7.2.0.jar;D:\repository\uk\org\mygrid\taverna\taverna-scavenger-ui\1.7.2.0\taverna-scavenger-ui-1.7.2.0.jar;D:\repository\uk\org\mygrid\taverna\scufl\scufl-workflow\1.7.2.0\scufl-workflow-1.7.2.0.jar;D:\repository\uk\org\mygrid\taverna\scufl\scufl-ui-components\workflow-input-panel\1.7.2.0\workflow-input-panel-1.7.2.0.jar;D:\repository\uk\org\mygrid\taverna\scufl\scufl-ui-components\svg-diagram\1.7.2.0\svg-diagram-1.7.2.0.jar;D:\repository\batik\batik-util\1.6-1\batik-util-1.6-1.jar;D:\repository\batik\batik-gui-util\1.6-1\batik-gui-util-1.6-1.jar;D:\repository\batik\batik-ext\1.6-1\batik-ext-1.6-1.jar;D:\repository\xml-apis\xmlParserAPIs\2.0.2\xmlParserAPIs-2.0.2.jar;D:\repository\uk\org\mygrid\taverna\taverna-update-manager\1.7.2.0\taverna-update-manager-1.7.2.0.jar;D:\repository\uk\org\mygrid\taverna\scufl\scufl-ui-components\enactor-invocation\1.7.2.0\enactor-invocation-1.7.2.0.jar;D:\repository\uk\org\mygrid\taverna\scufl\scufl-ui-components\scufl-interactive-diagram\1.7.2.0\scufl-interactive-diagram-1.7.2.0.jar;D:\repository\uk\org\mygrid\taverna\perspectives\perspective-core\1.7.2.0\perspective-core-1.7.2.0.jar;D:\repository\uk\org\mygrid\taverna\osxapplication\1.5.1\osxapplication-1.5.1.jar;D:\repository\uk\org\mygrid\taverna\scufl\scufl-ui-api\1.7.2.0\scufl-ui-api-1.7.2.0.jar;D:\repository\uk\org\mygrid\taverna\scufl\scufl-ui-components\scufl-model-explorer\1.7.2.0\scufl-model-explorer-1.7.2.0.jar;D:\repository\uk\org\mygrid\taverna\scufl\scufl-ui\1.7.2.0\scufl-ui-1.7.2.0.jar;D:\repository\uk\org\mygrid\taverna\baclava\baclava-store-implementation\1.7.2.0\baclava-store-implementation-1.7.2.0.jar;D:\repository\uk\org\mygrid\taverna\baclava\baclava-ui\1.7.2.0\baclava-ui-1.7.2.0.jar;D:\repository\uk\org\mygrid\taverna\scufl\scufl-ui-components\semantic-markup-editor\1.7.2.0\semantic-markup-editor-1.7.2.0.jar;D:\repository\uk\org\mygrid\resources\jgraph\NO-VERSION\jgraph-NO-VERSION.jar;D:\repository\poi\poi-2.0-final\20040126\poi-2.0-final-20040126.jar;D:\repository\uk\org\mygrid\resources\seqvista-hacked\NO-VERSION\seqvista-hacked-NO-VERSION.jar;D:\repository\uk\org\mygrid\resources\Jmol\NO-VERSION\Jmol-NO-VERSION.jar;D:\repository\uk\org\mygrid\taverna\scufl\scufl-ui-components\template-editor\1.7.2.0\template-editor-1.7.2.0.jar;D:\repository\batik\batik-swing\1.6-1\batik-swing-1.6-1.jar;D:\repository\batik\batik-bridge\1.6-1\batik-bridge-1.6-1.jar;D:\repository\batik\batik-gvt\1.6-1\batik-gvt-1.6-1.jar;D:\repository\batik\batik-awt-util\1.6-1\batik-awt-util-1.6-1.jar;D:\repository\batik\batik-script\1.6-1\batik-script-1.6-1.jar;D:\repository\batik\batik-svg-dom\1.6-1\batik-svg-dom-1.6-1.jar;D:\repository\batik\batik-dom\1.6-1\batik-dom-1.6-1.jar;D:\repository\batik\batik-css\1.6-1\batik-css-1.6-1.jar;D:\repository\batik\batik-xml\1.6-1\batik-xml-1.6-1.jar;D:\repository\batik\batik-parser\1.6-1\batik-parser-1.6-1.jar;D:\repository\commons-httpclient\commons-httpclient\3.0-rc4\commons-httpclient-3.0-rc4.jar;D:\repository\bsh\bsh\2.0b1\bsh-2.0b1.jar;D:\repository\jaxen\jaxen\1.0-FCS\jaxen-1.0-FCS.jar;D:\repository\saxpath\saxpath\1.0-FCS\saxpath-1.0-FCS.jar;D:\repository\bsf\bsf\2.3.0\bsf-2.3.0.jar;D:\repository\rhino\js\1.6R1\js-1.6R1.jar;D:\repository\jython\jython\2.1\jython-2.1.jar;D:\repository\jacl\jacl\1.2.6\jacl-1.2.6.jar;D:\repository\groovy\groovy-all\1.0-beta-9\groovy-all-1.0-beta-9.jar;D:\repository\velocity\velocity\1.3\velocity-1.3.jar;D:\repository\commons-vfs\commons-vfs\20041214060500\commons-vfs-20041214060500.jar;D:\repository\commons-net\commons-net\1.1.0\commons-net-1.1.0.jar;D:\repository\oro\oro\2.0.7\oro-2.0.7.jar;D:\repository\commons-io\commons-io\1.3\commons-io-1.3.jar;D:\repository\uk\org\mygrid\resources\jedit-syntax\2.2.2\jedit-syntax-2.2.2.jar;D:\repository\uk\org\mygrid\resources\biojava\1.4pre1\biojava-1.4pre1.jar;D:\repository\uk\org\mygrid\resources\jdnc\NO-VERSION\jdnc-NO-VERSION.jar;D:\repository\uk\org\mygrid\resources\rowset\NO-VERSION\rowset-NO-VERSION.jar;D:\repository\uk\org\mygrid\resources\tidy\NO-VERSION\tidy-NO-VERSION.jar;D:\repository\uk\org\mygrid\resources\saxon\8\saxon-8.jar;D:\repository\uk\org\mygrid\resources\saxon-jdom\8\saxon-jdom-8.jar;D:\repository\uk\org\mygrid\resources\saxon-sql\8\saxon-sql-8.jar;D:\repository\uk\org\mygrid\resources\saxon-xom\8\saxon-xom-8.jar;D:\repository\uk\org\mygrid\resources\JRclient\RE817\JRclient-RE817.jar;D:\repository\uk\org\mygrid\resources\jcalendar\2.0.5\jcalendar-2.0.5.jar;D:\repository\uk\org\mygrid\resources\alltools2\NO-VERSION\alltools2-NO-VERSION.jar;D:\repository\dom4j\dom4j\1.6\dom4j-1.6.jar;D:\repository\xml-apis\xml-apis\1.0.b2\xml-apis-1.0.b2.jar;D:\repository\mysql\mysql-connector-java\5.0.5\mysql-connector-java-5.0.5.jar;D:\repository\net\sf\taverna\t2\core\workflowmodel-impl\0.6-SNAPSHOT\workflowmodel-impl-0.6-SNAPSHOT.jar;D:\repository\com\thoughtworks\xstream\xstream\1.2.1\xstream-1.2.1.jar;D:\repository\xpp3\xpp3_min\1.1.3.4.O\xpp3_min-1.1.3.4.O.jar;D:\repository\net\sf\taverna\t2\lang\ui\0.5-SNAPSHOT\ui-0.5-SNAPSHOT.jar;D:\repository\net\sf\taverna\t2\lang\observer\0.5-SNAPSHOT\observer-0.5-SNAPSHOT.jar;D:\repository\uk\org\mygrid\taverna\raven\appconfig\1.10-SNAPSHOT\appconfig-1.10-SNAPSHOT.jar;D:\repository\uk\org\mygrid\taverna\raven\launcher-api\1.10-SNAPSHOT\launcher-api-1.10-SNAPSHOT.jar;D:\repository\uk\org\mygrid\taverna\raven\prelauncher\1.10-SNAPSHOT\prelauncher-1.10-SNAPSHOT.jar;D:\repository\uk\org\mygrid\taverna\raven\raven\1.10-SNAPSHOT\raven-1.10-SNAPSHOT.jar;D:\repository\uk\org\mygrid\taverna\raven\raven-log4j\1.10-SNAPSHOT\raven-log4j-1.10-SNAPSHOT.jar;D:\repository\junit\junit\4.4\junit-4.4.jar;D:\repository\log4j\log4j\1.2.13\log4j-1.2.13.jar;D:\repository\axis\axis\1.4\axis-1.4.jar;D:\repository\axis\axis-jaxrpc\1.4\axis-jaxrpc-1.4.jar;D:\repository\axis\axis-saaj\1.4\axis-saaj-1.4.jar;D:\repository\axis\axis-wsdl4j\1.5.1\axis-wsdl4j-1.5.1.jar;D:\repository\commons-logging\commons-logging\1.1\commons-logging-1.1.jar;D:\repository\logkit\logkit\1.0.1\logkit-1.0.1.jar;D:\repository\avalon-framework\avalon-framework\4.1.3\avalon-framework-4.1.3.jar;D:\repository\javax\servlet\servlet-api\2.3\servlet-api-2.3.jar;D:\repository\commons-discovery\commons-discovery\20040218.194635\commons-discovery-20040218.194635.jar;D:\repository\lobo\cobra\0.98.4\cobra-0.98.4.jar;D:\repository\org\swinglabs\swingx\0.9.2\swingx-0.9.2.jar;D:\repository\com\jhlabs\filters\2.0.235\filters-2.0.235.jar;D:\repository\org\swinglabs\swing-worker\1.1\swing-worker-1.1.jar;D:\repository\org\swinglabs\swing-layout\1.0.3\swing-layout-1.0.3.jar;D:\repository\org\swinglabs\multiplegradientpaint\1.0\multiplegradientpaint-1.0.jar;" name="surefire.test.class.path"/>
    <property value="Java Platform API Specification" name="java.specification.name"/>
    <property value="49.0" name="java.class.version"/>
    <property value="HotSpot Client Compiler" name="sun.management.compiler"/>
    <property value="5.1" name="os.version"/>
    <property value="c:\WINNT\profiles\kkrommyd" name="user.home"/>
    <property value="Europe/Berlin" name="user.timezone"/>
    <property value="sun.awt.windows.WPrinterJob" name="java.awt.printerjob"/>
    <property value="1.5" name="java.specification.version"/>
    <property value="Cp1252" name="file.encoding"/>
    <property value="kkrommyd" name="user.name"/>
    <property value="D:\workspace\aida-plugin\target\test-classes;D:\workspace\aida-plugin\target\classes;D:\repository\net\sf\taverna\t2\activities\stringconstant-activity\0.6-SNAPSHOT\stringconstant-activity-0.6-SNAPSHOT.jar;D:\repository\net\sf\taverna\t2\core\workflowmodel-api\0.6-SNAPSHOT\workflowmodel-api-0.6-SNAPSHOT.jar;D:\repository\net\sf\taverna\t2\core\reference-api\0.6-SNAPSHOT\reference-api-0.6-SNAPSHOT.jar;D:\repository\org\springframework\spring-tx\2.5.4\spring-tx-2.5.4.jar;D:\repository\org\springframework\spring-beans\2.5.4\spring-beans-2.5.4.jar;D:\repository\org\springframework\spring-context\2.5.4\spring-context-2.5.4.jar;D:\repository\aopalliance\aopalliance\1.0\aopalliance-1.0.jar;D:\repository\org\springframework\spring-core\2.5.4\spring-core-2.5.4.jar;D:\repository\net\sf\taverna\t2\activities\dataflow-activity\0.6-SNAPSHOT\dataflow-activity-0.6-SNAPSHOT.jar;D:\repository\net\sf\taverna\t2\ui-api\workbench-api\0.4-SNAPSHOT\workbench-api-0.4-SNAPSHOT.jar;D:\repository\jdom\jdom\1.0\jdom-1.0.jar;D:\repository\net\sf\taverna\t2\infrastructure\spi-discovery-api\1.10-SNAPSHOT\spi-discovery-api-1.10-SNAPSHOT.jar;D:\repository\net\sf\taverna\t2\infrastructure\raven\1.10-SNAPSHOT\raven-1.10-SNAPSHOT.jar;D:\repository\net\sf\taverna\t2\infrastructure\raven-log4j\1.10-SNAPSHOT\raven-log4j-1.10-SNAPSHOT.jar;D:\repository\net\sf\taverna\t2\infrastructure\launcher-api\1.10-SNAPSHOT\launcher-api-1.10-SNAPSHOT.jar;D:\repository\net\sf\taverna\t2\ui-api\edits-api\0.4-SNAPSHOT\edits-api-0.4-SNAPSHOT.jar;D:\repository\net\sf\taverna\t2\ui-api\menu-api\0.4-SNAPSHOT\menu-api-0.4-SNAPSHOT.jar;D:\repository\net\sf\taverna\t2\ui-api\file-api\0.4-SNAPSHOT\file-api-0.4-SNAPSHOT.jar;D:\repository\net\sf\taverna\t2\ui-impl\file-impl\0.4-SNAPSHOT\file-impl-0.4-SNAPSHOT.jar;D:\repository\net\sf\taverna\t2\ui-api\common-icons\0.4-SNAPSHOT\common-icons-0.4-SNAPSHOT.jar;D:\repository\commons-collections\commons-collections\3.2\commons-collections-3.2.jar;D:\repository\commons-lang\commons-lang\2.4\commons-lang-2.4.jar;D:\repository\commons-codec\commons-codec\1.3\commons-codec-1.3.jar;D:\repository\net\sf\taverna\t2\ui-impl\helper\0.4-SNAPSHOT\helper-0.4-SNAPSHOT.jar;D:\repository\javax\help\javahelp\2.0.02\javahelp-2.0.02.jar;D:\repository\net\sf\taverna\t2\ui-exts\file-translator\0.4-SNAPSHOT\file-translator-0.4-SNAPSHOT.jar;D:\repository\net\sf\taverna\t2\compatibility\compatibility-impl\0.6-SNAPSHOT\compatibility-impl-0.6-SNAPSHOT.jar;D:\repository\net\sf\taverna\t2\compatibility\compatibility-api\0.6-SNAPSHOT\compatibility-api-0.6-SNAPSHOT.jar;D:\repository\uk\org\mygrid\taverna\scufl\scufl-model\1.7.2.0\scufl-model-1.7.2.0.jar;D:\repository\uk\org\mygrid\taverna\baclava\baclava-core\1.7.2.0\baclava-core-1.7.2.0.jar;D:\repository\uk\org\mygrid\taverna\taverna-core\1.7.2.0\taverna-core-1.7.2.0.jar;D:\repository\uk\org\mygrid\resources\freefluo\NO-VERSION\freefluo-NO-VERSION.jar;D:\repository\uk\org\mygrid\taverna\processors\taverna-stringconstant-processor\1.7.2.0\taverna-stringconstant-processor-1.7.2.0.jar;D:\repository\uk\org\mygrid\taverna\taverna-scavenger\1.7.2.0\taverna-scavenger-1.7.2.0.jar;D:\repository\uk\org\mygrid\taverna\processors\taverna-java-processor\1.7.2.0\taverna-java-processor-1.7.2.0.jar;D:\repository\javax\mail\mail\1.4\mail-1.4.jar;D:\repository\javax\activation\activation\1.1\activation-1.1.jar;D:\repository\net\sf\taverna\t2\infrastructure\appconfig\1.10-SNAPSHOT\appconfig-1.10-SNAPSHOT.jar;D:\repository\net\sf\taverna\t2\infrastructure\prelauncher\1.10-SNAPSHOT\prelauncher-1.10-SNAPSHOT.jar;D:\repository\uk\org\mygrid\taverna\processors\all\1.7.2.0\all-1.7.2.0.jar;D:\repository\uk\org\mygrid\taverna\processors\taverna-dependency-processor\1.7.2.0\taverna-dependency-processor-1.7.2.0.jar;D:\repository\uk\org\mygrid\taverna\processors\taverna-beanshell-processor\1.7.2.0\taverna-beanshell-processor-1.7.2.0.jar;D:\repository\org\beanshell\bsh\2.0b4\bsh-2.0b4.jar;D:\repository\uk\org\mygrid\taverna\processors\taverna-biomart-processor\1.7.2.0\taverna-biomart-processor-1.7.2.0.jar;D:\repository\org\biomart\martservice\0.6.3\martservice-0.6.3.jar;D:\repository\org\biomart\martj\0.6\martj-0.6.jar;D:\repository\uk\org\mygrid\taverna\processors\taverna-biomoby-processor\1.7.2.0\taverna-biomoby-processor-1.7.2.0.jar;D:\repository\org\biomoby\taverna-biomoby\1.7.2.0\taverna-biomoby-1.7.2.0.jar;D:\repository\org\biomoby\jmoby\1.1.1-taverna\jmoby-1.1.1-taverna.jar;D:\repository\axis\axis-ant\1.4\axis-ant-1.4.jar;D:\repository\javax\sql\jdbc-stdext\2.0\jdbc-stdext-2.0.jar;D:\repository\commons-dbcp\commons-dbcp\1.1\commons-dbcp-1.1.jar;D:\repository\commons-pool\commons-pool\1.1\commons-pool-1.1.jar;D:\repository\commons-configuration\commons-configuration\1.5\commons-configuration-1.5.jar;D:\repository\commons-digester\commons-digester\1.8\commons-digester-1.8.jar;D:\repository\commons-beanutils\commons-beanutils\1.7.0\commons-beanutils-1.7.0.jar;D:\repository\commons-beanutils\commons-beanutils-core\1.7.0\commons-beanutils-core-1.7.0.jar;D:\repository\castor\castor\0.9.5\castor-0.9.5.jar;D:\repository\edu\mit\lcs\haystack\adenine\2003\adenine-2003.jar;D:\repository\com\hp\hpl\jena\jena\2.5.4\jena-2.5.4.jar;D:\repository\com\hp\hpl\jena\arq\2.1\arq-2.1.jar;D:\repository\org\apache\lucene\lucene-core\2.0.0\lucene-core-2.0.0.jar;D:\repository\com\hp\hpl\jena\arq-extra\2.1\arq-extra-2.1.jar;D:\repository\com\hp\hpl\jena\jenatest\2.5.4\jenatest-2.5.4.jar;D:\repository\com\hp\hpl\jena\iri\0.5\iri-0.5.jar;D:\repository\antlr\antlr\2.7.5\antlr-2.7.5.jar;D:\repository\commons-logging\commons-logging-api\1.1\commons-logging-api-1.1.jar;D:\repository\com\hp\hpl\jena\concurrent-jena\1.3.2\concurrent-jena-1.3.2.jar;D:\repository\com\hp\hpl\jena\json-jena\1.0\json-jena-1.0.jar;D:\repository\stax\stax-api\1.0\stax-api-1.0.jar;D:\repository\org\codehaus\woodstox\wstx-asl\3.0.0\wstx-asl-3.0.0.jar;D:\repository\xerces\xercesImpl\2.7.1\xercesImpl-2.7.1.jar;D:\repository\com\ibm\lsid\lsid-server\1.1.2\lsid-server-1.1.2.jar;D:\repository\com\ibm\lsid\lsid-client\1.1.2\lsid-client-1.1.2.jar;D:\repository\org\xbill\dnsjava\2003\dnsjava-2003.jar;D:\repository\com\sun\xml\ws\jaxws-tools\2.1.3\jaxws-tools-2.1.3.jar;D:\repository\com\sun\xml\ws\jaxws-rt\2.1.3\jaxws-rt-2.1.3.jar;D:\repository\com\sun\xml\bind\jaxb-impl\2.1.6\jaxb-impl-2.1.6.jar;D:\repository\com\sun\xml\messaging\saaj\saaj-impl\1.3\saaj-impl-1.3.jar;D:\repository\javax\xml\soap\saaj-api\1.3\saaj-api-1.3.jar;D:\repository\com\sun\xml\stream\buffer\streambuffer\0.7\streambuffer-0.7.jar;D:\repository\com\sun\xml\stream\sjsxp\1.0\sjsxp-1.0.jar;D:\repository\org\jvnet\staxex\stax-ex\1.2\stax-ex-1.2.jar;D:\repository\com\sun\org\apache\xml\internal\resolver\20050927\resolver-20050927.jar;D:\repository\org\jvnet\mimepull\1.1\mimepull-1.1.jar;D:\repository\com\sun\xml\bind\jaxb-xjc\2.1.6\jaxb-xjc-2.1.6.jar;D:\repository\javax\xml\bind\jaxb-api\2.1\jaxb-api-2.1.jar;D:\repository\javax\xml\stream\stax-api\1.0-2\stax-api-1.0-2.jar;D:\repository\javax\xml\jaxb-impl\2.0EA3\jaxb-impl-2.0EA3.jar;D:\repository\javax\xml\jaxb-xjc\2.0EA3\jaxb-xjc-2.0EA3.jar;D:\repository\javax\xml\jaxrpc-api\1.1\jaxrpc-api-1.1.jar;D:\repository\com\toedter\jcalendar\2004\jcalendar-2004.jar;D:\repository\com\artofsolving\jodconverter\2.2.1\jodconverter-2.2.1.jar;D:\repository\org\slf4j\slf4j-api\1.4.3\slf4j-api-1.4.3.jar;D:\repository\org\openoffice\ridl\2.3.0\ridl-2.3.0.jar;D:\repository\org\openoffice\unoil\2.3.0\unoil-2.3.0.jar;D:\repository\com\sun\net\httpserver\http\20070405\http-20070405.jar;D:\repository\com\ibm\icu\icu4j\3.8\icu4j-3.8.jar;D:\repository\org\cgiar\icis\icis-pedigree\2006\icis-pedigree-2006.jar;D:\repository\javax\xml\jsr173\1.0\jsr173-1.0.jar;D:\repository\javax\jws\jsr181-api\1.0-MR1\jsr181-api-1.0-MR1.jar;D:\repository\javax\annotation\jsr250-api\1.0\jsr250-api-1.0.jar;D:\repository\org\openoffice\juh\2.3.1\juh-2.3.1.jar;D:\repository\org\openoffice\jurt\2.3.1\jurt-2.3.1.jar;D:\repository\org\tulsoft\alltools\2.1.1-taverna\alltools-2.1.1-taverna.jar;D:\repository\org\apache\ant\ant\1.7.0\ant-1.7.0.jar;D:\repository\org\apache\ant\ant-launcher\1.7.0\ant-launcher-1.7.0.jar;D:\repository\org\apache\ant\ant-nodeps\1.7.0\ant-nodeps-1.7.0.jar;D:\repository\ant-contrib\ant-contrib\1.0b2\ant-contrib-1.0b2.jar;C:\Program Files\Java\jdk1.5.0_14\jre\..\lib\tools.jar;D:\repository\org\biomoby\jmoby-dashboard\1.1.0-taverna-1\jmoby-dashboard-1.1.0-taverna-1.jar;D:\repository\xalan\xalan\2.6.0\xalan-2.6.0.jar;D:\repository\javax\xml\ws\jaxws-api\2.1\jaxws-api-2.1.jar;D:\repository\com\sun\org\apache\jaxp-ri\1.4\jaxp-ri-1.4.jar;D:\repository\javax\xml\parsers\jaxp-api\1.4\jaxp-api-1.4.jar;D:\repository\xerces\xmlParserAPIs\2.2.1\xmlParserAPIs-2.2.1.jar;D:\repository\uk\org\mygrid\taverna\processors\taverna-inferno-processor\1.7.2.0\taverna-inferno-processor-1.7.2.0.jar;D:\repository\uk\org\mygrid\resources\tl-netty2\1.7.3\tl-netty2-1.7.3.jar;D:\repository\uk\org\mygrid\resources\jstyx\0.03\jstyx-0.03.jar;D:\repository\uk\org\mygrid\taverna\processors\taverna-apiconsumer-processor\1.7.2.0\taverna-apiconsumer-processor-1.7.2.0.jar;D:\repository\uk\org\mygrid\taverna\processors\taverna-localworkers\1.7.2.0\taverna-localworkers-1.7.2.0.jar;D:\repository\uk\org\mygrid\taverna\processors\taverna-notification-processor\1.7.2.0\taverna-notification-processor-1.7.2.0.jar;D:\repository\uk\org\mygrid\resources\notification-processor\1.5.1\notification-processor-1.5.1.jar;D:\repository\uk\org\mygrid\taverna\processors\taverna-rdfgenerator-processor\1.7.2.0\taverna-rdfgenerator-processor-1.7.2.0.jar;D:\repository\uk\org\mygrid\taverna\processors\taverna-rserv-processor\1.7.2.0\taverna-rserv-processor-1.7.2.0.jar;D:\repository\uk\org\mygrid\taverna\processors\taverna-soaplab-processor\1.7.2.0\taverna-soaplab-processor-1.7.2.0.jar;D:\repository\uk\org\mygrid\resources\axis\1.4-taverna\axis-1.4-taverna.jar;D:\repository\wsdl4j\wsdl4j\1.5.1\wsdl4j-1.5.1.jar;D:\repository\uk\org\mygrid\taverna\processors\taverna-talisman-processor\1.7.2.0\taverna-talisman-processor-1.7.2.0.jar;D:\repository\uk\org\mygrid\resources\talisman\1.4.5.11\talisman-1.4.5.11.jar;D:\repository\uk\org\mygrid\taverna\processors\taverna-wsdl-processor\1.7.2.0\taverna-wsdl-processor-1.7.2.0.jar;D:\repository\uk\org\mygrid\resources\wsif\svn-1.12.05-patched-axis-1.4\wsif-svn-1.12.05-patched-axis-1.4.jar;D:\repository\net\sf\taverna\wsdl-generic\1.3\wsdl-generic-1.3.jar;D:\repository\uk\org\mygrid\taverna\taverna-contrib\1.7.2.0\taverna-contrib-1.7.2.0.jar;D:\repository\uk\org\mygrid\taverna\taverna-enactor\1.7.2.0\taverna-enactor-1.7.2.0.jar;D:\repository\uk\org\mygrid\resources\freefluo-taverna-exts\1.7.2\freefluo-taverna-exts-1.7.2.jar;D:\repository\uk\org\mygrid\taverna\taverna-workbench\1.7.2.0\taverna-workbench-1.7.2.0.jar;D:\repository\uk\org\mygrid\taverna\zaria\1.9\zaria-1.9.jar;D:\repository\uk\org\mygrid\taverna\taverna-bootstrap\1.7.2.0\taverna-bootstrap-1.7.2.0.jar;D:\repository\uk\org\mygrid\taverna\taverna-scavenger-ui\1.7.2.0\taverna-scavenger-ui-1.7.2.0.jar;D:\repository\uk\org\mygrid\taverna\scufl\scufl-workflow\1.7.2.0\scufl-workflow-1.7.2.0.jar;D:\repository\uk\org\mygrid\taverna\scufl\scufl-ui-components\workflow-input-panel\1.7.2.0\workflow-input-panel-1.7.2.0.jar;D:\repository\uk\org\mygrid\taverna\scufl\scufl-ui-components\svg-diagram\1.7.2.0\svg-diagram-1.7.2.0.jar;D:\repository\batik\batik-util\1.6-1\batik-util-1.6-1.jar;D:\repository\batik\batik-gui-util\1.6-1\batik-gui-util-1.6-1.jar;D:\repository\batik\batik-ext\1.6-1\batik-ext-1.6-1.jar;D:\repository\xml-apis\xmlParserAPIs\2.0.2\xmlParserAPIs-2.0.2.jar;D:\repository\uk\org\mygrid\taverna\taverna-update-manager\1.7.2.0\taverna-update-manager-1.7.2.0.jar;D:\repository\uk\org\mygrid\taverna\scufl\scufl-ui-components\enactor-invocation\1.7.2.0\enactor-invocation-1.7.2.0.jar;D:\repository\uk\org\mygrid\taverna\scufl\scufl-ui-components\scufl-interactive-diagram\1.7.2.0\scufl-interactive-diagram-1.7.2.0.jar;D:\repository\uk\org\mygrid\taverna\perspectives\perspective-core\1.7.2.0\perspective-core-1.7.2.0.jar;D:\repository\uk\org\mygrid\taverna\osxapplication\1.5.1\osxapplication-1.5.1.jar;D:\repository\uk\org\mygrid\taverna\scufl\scufl-ui-api\1.7.2.0\scufl-ui-api-1.7.2.0.jar;D:\repository\uk\org\mygrid\taverna\scufl\scufl-ui-components\scufl-model-explorer\1.7.2.0\scufl-model-explorer-1.7.2.0.jar;D:\repository\uk\org\mygrid\taverna\scufl\scufl-ui\1.7.2.0\scufl-ui-1.7.2.0.jar;D:\repository\uk\org\mygrid\taverna\baclava\baclava-store-implementation\1.7.2.0\baclava-store-implementation-1.7.2.0.jar;D:\repository\uk\org\mygrid\taverna\baclava\baclava-ui\1.7.2.0\baclava-ui-1.7.2.0.jar;D:\repository\uk\org\mygrid\taverna\scufl\scufl-ui-components\semantic-markup-editor\1.7.2.0\semantic-markup-editor-1.7.2.0.jar;D:\repository\uk\org\mygrid\resources\jgraph\NO-VERSION\jgraph-NO-VERSION.jar;D:\repository\poi\poi-2.0-final\20040126\poi-2.0-final-20040126.jar;D:\repository\uk\org\mygrid\resources\seqvista-hacked\NO-VERSION\seqvista-hacked-NO-VERSION.jar;D:\repository\uk\org\mygrid\resources\Jmol\NO-VERSION\Jmol-NO-VERSION.jar;D:\repository\uk\org\mygrid\taverna\scufl\scufl-ui-components\template-editor\1.7.2.0\template-editor-1.7.2.0.jar;D:\repository\batik\batik-swing\1.6-1\batik-swing-1.6-1.jar;D:\repository\batik\batik-bridge\1.6-1\batik-bridge-1.6-1.jar;D:\repository\batik\batik-gvt\1.6-1\batik-gvt-1.6-1.jar;D:\repository\batik\batik-awt-util\1.6-1\batik-awt-util-1.6-1.jar;D:\repository\batik\batik-script\1.6-1\batik-script-1.6-1.jar;D:\repository\batik\batik-svg-dom\1.6-1\batik-svg-dom-1.6-1.jar;D:\repository\batik\batik-dom\1.6-1\batik-dom-1.6-1.jar;D:\repository\batik\batik-css\1.6-1\batik-css-1.6-1.jar;D:\repository\batik\batik-xml\1.6-1\batik-xml-1.6-1.jar;D:\repository\batik\batik-parser\1.6-1\batik-parser-1.6-1.jar;D:\repository\commons-httpclient\commons-httpclient\3.0-rc4\commons-httpclient-3.0-rc4.jar;D:\repository\bsh\bsh\2.0b1\bsh-2.0b1.jar;D:\repository\jaxen\jaxen\1.0-FCS\jaxen-1.0-FCS.jar;D:\repository\saxpath\saxpath\1.0-FCS\saxpath-1.0-FCS.jar;D:\repository\bsf\bsf\2.3.0\bsf-2.3.0.jar;D:\repository\rhino\js\1.6R1\js-1.6R1.jar;D:\repository\jython\jython\2.1\jython-2.1.jar;D:\repository\jacl\jacl\1.2.6\jacl-1.2.6.jar;D:\repository\groovy\groovy-all\1.0-beta-9\groovy-all-1.0-beta-9.jar;D:\repository\velocity\velocity\1.3\velocity-1.3.jar;D:\repository\commons-vfs\commons-vfs\20041214060500\commons-vfs-20041214060500.jar;D:\repository\commons-net\commons-net\1.1.0\commons-net-1.1.0.jar;D:\repository\oro\oro\2.0.7\oro-2.0.7.jar;D:\repository\commons-io\commons-io\1.3\commons-io-1.3.jar;D:\repository\uk\org\mygrid\resources\jedit-syntax\2.2.2\jedit-syntax-2.2.2.jar;D:\repository\uk\org\mygrid\resources\biojava\1.4pre1\biojava-1.4pre1.jar;D:\repository\uk\org\mygrid\resources\jdnc\NO-VERSION\jdnc-NO-VERSION.jar;D:\repository\uk\org\mygrid\resources\rowset\NO-VERSION\rowset-NO-VERSION.jar;D:\repository\uk\org\mygrid\resources\tidy\NO-VERSION\tidy-NO-VERSION.jar;D:\repository\uk\org\mygrid\resources\saxon\8\saxon-8.jar;D:\repository\uk\org\mygrid\resources\saxon-jdom\8\saxon-jdom-8.jar;D:\repository\uk\org\mygrid\resources\saxon-sql\8\saxon-sql-8.jar;D:\repository\uk\org\mygrid\resources\saxon-xom\8\saxon-xom-8.jar;D:\repository\uk\org\mygrid\resources\JRclient\RE817\JRclient-RE817.jar;D:\repository\uk\org\mygrid\resources\jcalendar\2.0.5\jcalendar-2.0.5.jar;D:\repository\uk\org\mygrid\resources\alltools2\NO-VERSION\alltools2-NO-VERSION.jar;D:\repository\dom4j\dom4j\1.6\dom4j-1.6.jar;D:\repository\xml-apis\xml-apis\1.0.b2\xml-apis-1.0.b2.jar;D:\repository\mysql\mysql-connector-java\5.0.5\mysql-connector-java-5.0.5.jar;D:\repository\net\sf\taverna\t2\core\workflowmodel-impl\0.6-SNAPSHOT\workflowmodel-impl-0.6-SNAPSHOT.jar;D:\repository\com\thoughtworks\xstream\xstream\1.2.1\xstream-1.2.1.jar;D:\repository\xpp3\xpp3_min\1.1.3.4.O\xpp3_min-1.1.3.4.O.jar;D:\repository\net\sf\taverna\t2\lang\ui\0.5-SNAPSHOT\ui-0.5-SNAPSHOT.jar;D:\repository\net\sf\taverna\t2\lang\observer\0.5-SNAPSHOT\observer-0.5-SNAPSHOT.jar;D:\repository\uk\org\mygrid\taverna\raven\appconfig\1.10-SNAPSHOT\appconfig-1.10-SNAPSHOT.jar;D:\repository\uk\org\mygrid\taverna\raven\launcher-api\1.10-SNAPSHOT\launcher-api-1.10-SNAPSHOT.jar;D:\repository\uk\org\mygrid\taverna\raven\prelauncher\1.10-SNAPSHOT\prelauncher-1.10-SNAPSHOT.jar;D:\repository\uk\org\mygrid\taverna\raven\raven\1.10-SNAPSHOT\raven-1.10-SNAPSHOT.jar;D:\repository\uk\org\mygrid\taverna\raven\raven-log4j\1.10-SNAPSHOT\raven-log4j-1.10-SNAPSHOT.jar;D:\repository\junit\junit\4.4\junit-4.4.jar;D:\repository\log4j\log4j\1.2.13\log4j-1.2.13.jar;D:\repository\axis\axis\1.4\axis-1.4.jar;D:\repository\axis\axis-jaxrpc\1.4\axis-jaxrpc-1.4.jar;D:\repository\axis\axis-saaj\1.4\axis-saaj-1.4.jar;D:\repository\axis\axis-wsdl4j\1.5.1\axis-wsdl4j-1.5.1.jar;D:\repository\commons-logging\commons-logging\1.1\commons-logging-1.1.jar;D:\repository\logkit\logkit\1.0.1\logkit-1.0.1.jar;D:\repository\avalon-framework\avalon-framework\4.1.3\avalon-framework-4.1.3.jar;D:\repository\javax\servlet\servlet-api\2.3\servlet-api-2.3.jar;D:\repository\commons-discovery\commons-discovery\20040218.194635\commons-discovery-20040218.194635.jar;D:\repository\lobo\cobra\0.98.4\cobra-0.98.4.jar;D:\repository\org\swinglabs\swingx\0.9.2\swingx-0.9.2.jar;D:\repository\com\jhlabs\filters\2.0.235\filters-2.0.235.jar;D:\repository\org\swinglabs\swing-worker\1.1\swing-worker-1.1.jar;D:\repository\org\swinglabs\swing-layout\1.0.3\swing-layout-1.0.3.jar;D:\repository\org\swinglabs\multiplegradientpaint\1.0\multiplegradientpaint-1.0.jar;" name="java.class.path"/>
    <property value="1.0" name="java.vm.specification.version"/>
    <property value="32" name="sun.arch.data.model"/>
    <property value="C:\Program Files\Java\jdk1.5.0_14\jre" name="java.home"/>
    <property value="Sun Microsystems Inc." name="java.specification.vendor"/>
    <property value="nl" name="user.language"/>
    <property value="sun.awt.windows.WToolkit" name="awt.toolkit"/>
    <property value="mixed mode" name="java.vm.info"/>
    <property value="1.5.0_14" name="java.version"/>
    <property value="C:\Program Files\Java\jdk1.5.0_14\jre\lib\ext" name="java.ext.dirs"/>
    <property value="C:\Program Files\Java\jdk1.5.0_14\jre\lib\rt.jar;C:\Program Files\Java\jdk1.5.0_14\jre\lib\i18n.jar;C:\Program Files\Java\jdk1.5.0_14\jre\lib\sunrsasign.jar;C:\Program Files\Java\jdk1.5.0_14\jre\lib\jsse.jar;C:\Program Files\Java\jdk1.5.0_14\jre\lib\jce.jar;C:\Program Files\Java\jdk1.5.0_14\jre\lib\charsets.jar;C:\Program Files\Java\jdk1.5.0_14\jre\classes" name="sun.boot.class.path"/>
    <property value="Sun Microsystems Inc." name="java.vendor"/>
    <property value="true" name="java.awt.headless"/>
    <property value="D:\repository" name="localRepository"/>
    <property value="\" name="file.separator"/>
    <property value="http://java.sun.com/cgi-bin/bugreport.cgi" name="java.vendor.url.bug"/>
    <property value="little" name="sun.cpu.endian"/>
    <property value="UnicodeLittle" name="sun.io.unicode.encoding"/>
    <property value="windows" name="sun.desktop"/>
    <property value="pentium_pro+mmx pentium_pro pentium+mmx pentium i486 i386 i86" name="sun.cpu.isalist"/>
  </properties>
  <testcase classname="org.vle.aid.taverna.test.AIDPerspectiveTest" time="0" name="testGetText"/>
</testsuite>